#
# There is insufficient memory for the Java Runtime Environment to continue.
# Native memory allocation (malloc) failed to allocate 1048576 bytes for AllocateHeap
# Possible reasons:
#   The system is out of physical RAM or swap space
#   The process is running with CompressedOops enabled, and the Java Heap may be blocking the growth of the native heap
# Possible solutions:
#   Reduce memory load on the system
#   Increase physical memory or swap space
#   Check if swap backing store is full
#   Decrease Java heap size (-Xmx/-Xms)
#   Decrease number of Java threads
#   Decrease Java thread stack sizes (-Xss)
#   Set larger code cache with -XX:ReservedCodeCacheSize=
#   JVM is running with Unscaled Compressed Oops mode in which the Java heap is
#     placed in the first 4GB address space. The Java Heap base address is the
#     maximum limit for the native heap growth. Please use -XX:HeapBaseMinAddress
#     to set the Java Heap base and to place the Java Heap above 4GB virtual address.
# This output file may be truncated or incomplete.
#
#  Out of Memory Error (allocation.cpp:46), pid=11696, tid=10472
#
# JRE version: OpenJDK Runtime Environment Corretto-11.0.20.9.1 (11.0.20.1+9) (build 11.0.20.1+9-LTS)
# Java VM: OpenJDK 64-Bit Server VM Corretto-11.0.20.9.1 (11.0.20.1+9-LTS, mixed mode, tiered, compressed oops, g1 gc, windows-amd64)
# No core dump will be written. Minidumps are not enabled by default on client versions of Windows
#

---------------  S U M M A R Y ------------

Command Line: -XX:TieredStopAtLevel=1 -Xverify:none -Dspring.output.ansi.enabled=always -Dcom.sun.management.jmxremote -Dspring.jmx.enabled=true -Dspring.liveBeansView.mbeanDomain -Dspring.application.admin.enabled=true -Dmanagement.endpoints.jmx.exposure.include=* -javaagent:C:\Program Files\JetBrains\IntelliJ IDEA 2023.2\lib\idea_rt.jar=52547:C:\Program Files\JetBrains\IntelliJ IDEA 2023.2\bin -Dfile.encoding=UTF-8 com.fa.training.SpringBootJpaSecurityApplication

Host: Intel(R) Core(TM) i3-3217U CPU @ 1.80GHz, 4 cores, 7G,  Windows 10 , 64 bit Build 19041 (10.0.19041.3393)
Time: Wed Sep 20 11:36:06 2023 SE Asia Standard Time elapsed time: 2.580423 seconds (0d 0h 0m 2s)

---------------  T H R E A D  ---------------

Current thread (0x00000256ff53d800):  VMThread "VM Thread" [stack: 0x000000b3a5700000,0x000000b3a5800000] [id=10472]

Stack: [0x000000b3a5700000,0x000000b3a5800000]
[error occurred during error reporting (printing stack bounds), id 0xc0000005, EXCEPTION_ACCESS_VIOLATION (0xc0000005) at pc=0x000002568000112d]

Native frames: (J=compiled Java code, j=interpreted, Vv=VM code, C=native code)
V  [jvm.dll+0x62418a]
V  [jvm.dll+0x7b1d69]
V  [jvm.dll+0x7b3458]
V  [jvm.dll+0x7b3a95]
V  [jvm.dll+0x7b3a4b]
V  [jvm.dll+0x623517]
V  [jvm.dll+0x623c28]
C  [ntdll.dll+0xa221f]
C  [ntdll.dll+0x514b4]
C  [ntdll.dll+0xa0d2e]
C  0x000002568000112d

VM_Operation (0x000000b3a66fce90): CollectForMetadataAllocation, mode: safepoint, requested by thread 0x0000025695b3e800


---------------  P R O C E S S  ---------------

Threads class SMR info:
_java_thread_list=0x00000256957fa960, length=12, elements={
0x00000256f5cfe000, 0x00000256ff563000, 0x00000256ff564000, 0x0000025694f82800,
0x00000256ff57f800, 0x00000256ff586000, 0x00000256ff589800, 0x00000256ff58e800,
0x00000256ff4f7000, 0x000002569548c800, 0x000002569565a000, 0x0000025695b3e800
}

Java Threads: ( => current thread )
  0x00000256f5cfe000 JavaThread "main" [_thread_blocked, id=5252, stack(0x000000b3a5100000,0x000000b3a5200000)]
  0x00000256ff563000 JavaThread "Reference Handler" daemon [_thread_blocked, id=5032, stack(0x000000b3a5800000,0x000000b3a5900000)]
  0x00000256ff564000 JavaThread "Finalizer" daemon [_thread_blocked, id=2960, stack(0x000000b3a5900000,0x000000b3a5a00000)]
  0x0000025694f82800 JavaThread "Signal Dispatcher" daemon [_thread_blocked, id=188, stack(0x000000b3a5a00000,0x000000b3a5b00000)]
  0x00000256ff57f800 JavaThread "Attach Listener" daemon [_thread_blocked, id=8940, stack(0x000000b3a5b00000,0x000000b3a5c00000)]
  0x00000256ff586000 JavaThread "Service Thread" daemon [_thread_blocked, id=72, stack(0x000000b3a5c00000,0x000000b3a5d00000)]
  0x00000256ff589800 JavaThread "C1 CompilerThread0" daemon [_thread_blocked, id=7448, stack(0x000000b3a5d00000,0x000000b3a5e00000)]
  0x00000256ff58e800 JavaThread "Sweeper thread" daemon [_thread_blocked, id=11816, stack(0x000000b3a5e00000,0x000000b3a5f00000)]
  0x00000256ff4f7000 JavaThread "Common-Cleaner" daemon [_thread_blocked, id=120, stack(0x000000b3a5f00000,0x000000b3a6000000)]
  0x000002569548c800 JavaThread "Monitor Ctrl-Break" daemon [_thread_in_native, id=8660, stack(0x000000b3a6000000,0x000000b3a6100000)]
  0x000002569565a000 JavaThread "RMI TCP Accept-0" daemon [_thread_in_native, id=8724, stack(0x000000b3a6100000,0x000000b3a6200000)]
  0x0000025695b3e800 JavaThread "RMI TCP Connection(1)-10.0.0.76" daemon [_thread_blocked, id=7112, stack(0x000000b3a6600000,0x000000b3a6700000)]

Other Threads:
=>0x00000256ff53d800 VMThread "VM Thread" [stack: 0x000000b3a5700000,0x000000b3a5800000] [id=10472]
  0x0000025695661000 WatcherThread [stack: 0x000000b3a6200000,0x000000b3a6300000] [id=9876]
  0x00000256f5d16800 GCTaskThread "GC Thread#0" [stack: 0x000000b3a5200000,0x000000b3a5300000] [id=6192]
  0x00000256957c8000 GCTaskThread "GC Thread#1" [stack: 0x000000b3a6300000,0x000000b3a6400000] [id=2584]
  0x00000256957c9000 GCTaskThread "GC Thread#2" [stack: 0x000000b3a6400000,0x000000b3a6500000] [id=9500]
  0x00000256f5d46000 ConcurrentGCThread "G1 Main Marker" [stack: 0x000000b3a5300000,0x000000b3a5400000] [id=5652]
  0x00000256f5d48800 ConcurrentGCThread "G1 Conc#0" [stack: 0x000000b3a5400000,0x000000b3a5500000] [id=6612]
  0x00000256ff3b0800 ConcurrentGCThread "G1 Refine#0" [stack: 0x000000b3a5500000,0x000000b3a5600000] [id=12072]
  0x000002569525d800 ConcurrentGCThread "G1 Refine#1" [stack: 0x000000b3a6500000,0x000000b3a6600000] [id=11352]
  0x00000256ff3b1800 ConcurrentGCThread "G1 Young RemSet Sampling" [stack: 0x000000b3a5600000,0x000000b3a5700000] [id=10080]

Threads with active compile tasks:
C1 CompilerThread0     2601 1368       1       java.lang.invoke.MemberName::isProtected (8 bytes)

VM state:at safepoint (normal execution)

VM Mutex/Monitor currently owned by a thread:  ([mutex/lock_event])
[0x00000256f5cfa520] Threads_lock - owner thread: 0x00000256ff53d800
[0x00000256f5cf9c20] Heap_lock - owner thread: 0x0000025695b3e800

Heap address: 0x0000000081800000, size: 2024 MB, Compressed Oops mode: 32-bit
Narrow klass base: 0x0000000000000000, Narrow klass shift: 3
Compressed class space size: 1073741824 Address: 0x0000000100000000

Heap:
 garbage-first heap   total 131072K, used 9038K [0x0000000081800000, 0x0000000100000000)
  region size 1024K, 2 young (2048K), 2 survivors (2048K)
 Metaspace       used 15182K, capacity 15486K, committed 15616K, reserved 1075200K
  class space    used 1568K, capacity 1696K, committed 1792K, reserved 1048576K
Heap Regions: E=young(eden), S=young(survivor), O=old, HS=humongous(starts), HC=humongous(continues), CS=collection set, F=free, A=archive, TAMS=top-at-mark-start (previous, next)
|   0|0x0000000081800000, 0x0000000081900000, 0x0000000081900000|100%|HS|  |TAMS 0x0000000081800000, 0x0000000081900000| Complete 
|   1|0x0000000081900000, 0x0000000081a00000, 0x0000000081a00000|100%| O|  |TAMS 0x0000000081900000, 0x0000000081a00000| Untracked 
|   2|0x0000000081a00000, 0x0000000081b00000, 0x0000000081b00000|100%| O|  |TAMS 0x0000000081a00000, 0x0000000081b00000| Untracked 
|   3|0x0000000081b00000, 0x0000000081c00000, 0x0000000081c00000|100%| O|  |TAMS 0x0000000081b00000, 0x0000000081c00000| Untracked 
|   4|0x0000000081c00000, 0x0000000081d00000, 0x0000000081d00000|100%| O|  |TAMS 0x0000000081c00000, 0x0000000081d00000| Untracked 
|   5|0x0000000081d00000, 0x0000000081e00000, 0x0000000081e00000|100%| O|  |TAMS 0x0000000081d00000, 0x0000000081e00000| Untracked 
|   6|0x0000000081e00000, 0x0000000081f00000, 0x0000000081f00000|100%| O|  |TAMS 0x0000000081e00000, 0x0000000081f00000| Untracked 
|   7|0x0000000081f00000, 0x0000000081f69000, 0x0000000082000000| 41%| O|  |TAMS 0x0000000081f00000, 0x0000000081f69000| Untracked 
|   8|0x0000000082000000, 0x0000000082000000, 0x0000000082100000|  0%| F|  |TAMS 0x0000000082000000, 0x0000000082000000| Untracked 
|   9|0x0000000082100000, 0x0000000082100000, 0x0000000082200000|  0%| F|  |TAMS 0x0000000082100000, 0x0000000082100000| Untracked 
|  10|0x0000000082200000, 0x0000000082200000, 0x0000000082300000|  0%| F|  |TAMS 0x0000000082200000, 0x0000000082200000| Untracked 
|  11|0x0000000082300000, 0x0000000082300000, 0x0000000082400000|  0%| F|  |TAMS 0x0000000082300000, 0x0000000082300000| Untracked 
|  12|0x0000000082400000, 0x0000000082400000, 0x0000000082500000|  0%| F|  |TAMS 0x0000000082400000, 0x0000000082400000| Untracked 
|  13|0x0000000082500000, 0x0000000082500000, 0x0000000082600000|  0%| F|  |TAMS 0x0000000082500000, 0x0000000082500000| Untracked 
|  14|0x0000000082600000, 0x0000000082600000, 0x0000000082700000|  0%| F|  |TAMS 0x0000000082600000, 0x0000000082600000| Untracked 
|  15|0x0000000082700000, 0x0000000082700000, 0x0000000082800000|  0%| F|  |TAMS 0x0000000082700000, 0x0000000082700000| Untracked 
|  16|0x0000000082800000, 0x0000000082800000, 0x0000000082900000|  0%| F|  |TAMS 0x0000000082800000, 0x0000000082800000| Untracked 
|  17|0x0000000082900000, 0x0000000082900000, 0x0000000082a00000|  0%| F|  |TAMS 0x0000000082900000, 0x0000000082900000| Untracked 
|  18|0x0000000082a00000, 0x0000000082a00000, 0x0000000082b00000|  0%| F|  |TAMS 0x0000000082a00000, 0x0000000082a00000| Untracked 
|  19|0x0000000082b00000, 0x0000000082b00000, 0x0000000082c00000|  0%| F|  |TAMS 0x0000000082b00000, 0x0000000082b00000| Untracked 
|  20|0x0000000082c00000, 0x0000000082c00000, 0x0000000082d00000|  0%| F|  |TAMS 0x0000000082c00000, 0x0000000082c00000| Untracked 
|  21|0x0000000082d00000, 0x0000000082d00000, 0x0000000082e00000|  0%| F|  |TAMS 0x0000000082d00000, 0x0000000082d00000| Untracked 
|  22|0x0000000082e00000, 0x0000000082e00000, 0x0000000082f00000|  0%| F|  |TAMS 0x0000000082e00000, 0x0000000082e00000| Untracked 
|  23|0x0000000082f00000, 0x0000000082f00000, 0x0000000083000000|  0%| F|  |TAMS 0x0000000082f00000, 0x0000000082f00000| Untracked 
|  24|0x0000000083000000, 0x0000000083000000, 0x0000000083100000|  0%| F|  |TAMS 0x0000000083000000, 0x0000000083000000| Untracked 
|  25|0x0000000083100000, 0x0000000083100000, 0x0000000083200000|  0%| F|  |TAMS 0x0000000083100000, 0x0000000083100000| Untracked 
|  26|0x0000000083200000, 0x0000000083200000, 0x0000000083300000|  0%| F|  |TAMS 0x0000000083200000, 0x0000000083200000| Untracked 
|  27|0x0000000083300000, 0x0000000083300000, 0x0000000083400000|  0%| F|  |TAMS 0x0000000083300000, 0x0000000083300000| Untracked 
|  28|0x0000000083400000, 0x0000000083400000, 0x0000000083500000|  0%| F|  |TAMS 0x0000000083400000, 0x0000000083400000| Untracked 
|  29|0x0000000083500000, 0x0000000083500000, 0x0000000083600000|  0%| F|  |TAMS 0x0000000083500000, 0x0000000083500000| Untracked 
|  30|0x0000000083600000, 0x0000000083600000, 0x0000000083700000|  0%| F|  |TAMS 0x0000000083600000, 0x0000000083600000| Untracked 
|  31|0x0000000083700000, 0x0000000083700000, 0x0000000083800000|  0%| F|  |TAMS 0x0000000083700000, 0x0000000083700000| Untracked 
|  32|0x0000000083800000, 0x0000000083800000, 0x0000000083900000|  0%| F|  |TAMS 0x0000000083800000, 0x0000000083800000| Untracked 
|  33|0x0000000083900000, 0x0000000083900000, 0x0000000083a00000|  0%| F|  |TAMS 0x0000000083900000, 0x0000000083900000| Untracked 
|  34|0x0000000083a00000, 0x0000000083a00000, 0x0000000083b00000|  0%| F|  |TAMS 0x0000000083a00000, 0x0000000083a00000| Untracked 
|  35|0x0000000083b00000, 0x0000000083b00000, 0x0000000083c00000|  0%| F|  |TAMS 0x0000000083b00000, 0x0000000083b00000| Untracked 
|  36|0x0000000083c00000, 0x0000000083c00000, 0x0000000083d00000|  0%| F|  |TAMS 0x0000000083c00000, 0x0000000083c00000| Untracked 
|  37|0x0000000083d00000, 0x0000000083d00000, 0x0000000083e00000|  0%| F|  |TAMS 0x0000000083d00000, 0x0000000083d00000| Untracked 
|  38|0x0000000083e00000, 0x0000000083e00000, 0x0000000083f00000|  0%| F|  |TAMS 0x0000000083e00000, 0x0000000083e00000| Untracked 
|  39|0x0000000083f00000, 0x0000000083f00000, 0x0000000084000000|  0%| F|  |TAMS 0x0000000083f00000, 0x0000000083f00000| Untracked 
|  40|0x0000000084000000, 0x0000000084000000, 0x0000000084100000|  0%| F|  |TAMS 0x0000000084000000, 0x0000000084000000| Untracked 
|  41|0x0000000084100000, 0x0000000084100000, 0x0000000084200000|  0%| F|  |TAMS 0x0000000084100000, 0x0000000084100000| Untracked 
|  42|0x0000000084200000, 0x0000000084200000, 0x0000000084300000|  0%| F|  |TAMS 0x0000000084200000, 0x0000000084200000| Untracked 
|  43|0x0000000084300000, 0x0000000084300000, 0x0000000084400000|  0%| F|  |TAMS 0x0000000084300000, 0x0000000084300000| Untracked 
|  44|0x0000000084400000, 0x0000000084400000, 0x0000000084500000|  0%| F|  |TAMS 0x0000000084400000, 0x0000000084400000| Untracked 
|  45|0x0000000084500000, 0x0000000084500000, 0x0000000084600000|  0%| F|  |TAMS 0x0000000084500000, 0x0000000084500000| Untracked 
|  46|0x0000000084600000, 0x0000000084600000, 0x0000000084700000|  0%| F|  |TAMS 0x0000000084600000, 0x0000000084600000| Untracked 
|  47|0x0000000084700000, 0x0000000084700000, 0x0000000084800000|  0%| F|  |TAMS 0x0000000084700000, 0x0000000084700000| Untracked 
|  48|0x0000000084800000, 0x0000000084800000, 0x0000000084900000|  0%| F|  |TAMS 0x0000000084800000, 0x0000000084800000| Untracked 
|  49|0x0000000084900000, 0x0000000084900000, 0x0000000084a00000|  0%| F|  |TAMS 0x0000000084900000, 0x0000000084900000| Untracked 
|  50|0x0000000084a00000, 0x0000000084a00000, 0x0000000084b00000|  0%| F|  |TAMS 0x0000000084a00000, 0x0000000084a00000| Untracked 
|  51|0x0000000084b00000, 0x0000000084b00000, 0x0000000084c00000|  0%| F|  |TAMS 0x0000000084b00000, 0x0000000084b00000| Untracked 
|  52|0x0000000084c00000, 0x0000000084c00000, 0x0000000084d00000|  0%| F|  |TAMS 0x0000000084c00000, 0x0000000084c00000| Untracked 
|  53|0x0000000084d00000, 0x0000000084d00000, 0x0000000084e00000|  0%| F|  |TAMS 0x0000000084d00000, 0x0000000084d00000| Untracked 
|  54|0x0000000084e00000, 0x0000000084e00000, 0x0000000084f00000|  0%| F|  |TAMS 0x0000000084e00000, 0x0000000084e00000| Untracked 
|  55|0x0000000084f00000, 0x0000000084f00000, 0x0000000085000000|  0%| F|  |TAMS 0x0000000084f00000, 0x0000000084f00000| Untracked 
|  56|0x0000000085000000, 0x0000000085000000, 0x0000000085100000|  0%| F|  |TAMS 0x0000000085000000, 0x0000000085000000| Untracked 
|  57|0x0000000085100000, 0x0000000085100000, 0x0000000085200000|  0%| F|  |TAMS 0x0000000085100000, 0x0000000085100000| Untracked 
|  58|0x0000000085200000, 0x0000000085200000, 0x0000000085300000|  0%| F|  |TAMS 0x0000000085200000, 0x0000000085200000| Untracked 
|  59|0x0000000085300000, 0x0000000085300000, 0x0000000085400000|  0%| F|  |TAMS 0x0000000085300000, 0x0000000085300000| Untracked 
|  60|0x0000000085400000, 0x0000000085400000, 0x0000000085500000|  0%| F|  |TAMS 0x0000000085400000, 0x0000000085400000| Untracked 
|  61|0x0000000085500000, 0x0000000085500000, 0x0000000085600000|  0%| F|  |TAMS 0x0000000085500000, 0x0000000085500000| Untracked 
|  62|0x0000000085600000, 0x0000000085600000, 0x0000000085700000|  0%| F|  |TAMS 0x0000000085600000, 0x0000000085600000| Untracked 
|  63|0x0000000085700000, 0x0000000085700000, 0x0000000085800000|  0%| F|  |TAMS 0x0000000085700000, 0x0000000085700000| Untracked 
|  64|0x0000000085800000, 0x0000000085800000, 0x0000000085900000|  0%| F|  |TAMS 0x0000000085800000, 0x0000000085800000| Untracked 
|  65|0x0000000085900000, 0x0000000085900000, 0x0000000085a00000|  0%| F|  |TAMS 0x0000000085900000, 0x0000000085900000| Untracked 
|  66|0x0000000085a00000, 0x0000000085a00000, 0x0000000085b00000|  0%| F|  |TAMS 0x0000000085a00000, 0x0000000085a00000| Untracked 
|  67|0x0000000085b00000, 0x0000000085b00000, 0x0000000085c00000|  0%| F|  |TAMS 0x0000000085b00000, 0x0000000085b00000| Untracked 
|  68|0x0000000085c00000, 0x0000000085c00000, 0x0000000085d00000|  0%| F|  |TAMS 0x0000000085c00000, 0x0000000085c00000| Untracked 
|  69|0x0000000085d00000, 0x0000000085d00000, 0x0000000085e00000|  0%| F|  |TAMS 0x0000000085d00000, 0x0000000085d00000| Untracked 
|  70|0x0000000085e00000, 0x0000000085e00000, 0x0000000085f00000|  0%| F|  |TAMS 0x0000000085e00000, 0x0000000085e00000| Untracked 
|  71|0x0000000085f00000, 0x0000000085f00000, 0x0000000086000000|  0%| F|  |TAMS 0x0000000085f00000, 0x0000000085f00000| Untracked 
|  72|0x0000000086000000, 0x0000000086000000, 0x0000000086100000|  0%| F|  |TAMS 0x0000000086000000, 0x0000000086000000| Untracked 
|  73|0x0000000086100000, 0x0000000086100000, 0x0000000086200000|  0%| F|  |TAMS 0x0000000086100000, 0x0000000086100000| Untracked 
|  74|0x0000000086200000, 0x0000000086200000, 0x0000000086300000|  0%| F|  |TAMS 0x0000000086200000, 0x0000000086200000| Untracked 
|  75|0x0000000086300000, 0x0000000086300000, 0x0000000086400000|  0%| F|  |TAMS 0x0000000086300000, 0x0000000086300000| Untracked 
|  76|0x0000000086400000, 0x0000000086400000, 0x0000000086500000|  0%| F|  |TAMS 0x0000000086400000, 0x0000000086400000| Untracked 
|  77|0x0000000086500000, 0x0000000086500000, 0x0000000086600000|  0%| F|  |TAMS 0x0000000086500000, 0x0000000086500000| Untracked 
|  78|0x0000000086600000, 0x0000000086600000, 0x0000000086700000|  0%| F|  |TAMS 0x0000000086600000, 0x0000000086600000| Untracked 
|  79|0x0000000086700000, 0x0000000086700000, 0x0000000086800000|  0%| F|  |TAMS 0x0000000086700000, 0x0000000086700000| Untracked 
|  80|0x0000000086800000, 0x0000000086800000, 0x0000000086900000|  0%| F|  |TAMS 0x0000000086800000, 0x0000000086800000| Untracked 
|  81|0x0000000086900000, 0x0000000086900000, 0x0000000086a00000|  0%| F|  |TAMS 0x0000000086900000, 0x0000000086900000| Untracked 
|  82|0x0000000086a00000, 0x0000000086a00000, 0x0000000086b00000|  0%| F|  |TAMS 0x0000000086a00000, 0x0000000086a00000| Untracked 
|  83|0x0000000086b00000, 0x0000000086b00000, 0x0000000086c00000|  0%| F|  |TAMS 0x0000000086b00000, 0x0000000086b00000| Untracked 
|  84|0x0000000086c00000, 0x0000000086c00000, 0x0000000086d00000|  0%| F|  |TAMS 0x0000000086c00000, 0x0000000086c00000| Untracked 
|  85|0x0000000086d00000, 0x0000000086d00000, 0x0000000086e00000|  0%| F|  |TAMS 0x0000000086d00000, 0x0000000086d00000| Untracked 
|  86|0x0000000086e00000, 0x0000000086e00000, 0x0000000086f00000|  0%| F|  |TAMS 0x0000000086e00000, 0x0000000086e00000| Untracked 
|  87|0x0000000086f00000, 0x0000000086f00000, 0x0000000087000000|  0%| F|  |TAMS 0x0000000086f00000, 0x0000000086f00000| Untracked 
|  88|0x0000000087000000, 0x0000000087000000, 0x0000000087100000|  0%| F|  |TAMS 0x0000000087000000, 0x0000000087000000| Untracked 
|  89|0x0000000087100000, 0x0000000087100000, 0x0000000087200000|  0%| F|  |TAMS 0x0000000087100000, 0x0000000087100000| Untracked 
|  90|0x0000000087200000, 0x0000000087200000, 0x0000000087300000|  0%| F|  |TAMS 0x0000000087200000, 0x0000000087200000| Untracked 
|  91|0x0000000087300000, 0x0000000087300000, 0x0000000087400000|  0%| F|  |TAMS 0x0000000087300000, 0x0000000087300000| Untracked 
|  92|0x0000000087400000, 0x0000000087400000, 0x0000000087500000|  0%| F|  |TAMS 0x0000000087400000, 0x0000000087400000| Untracked 
|  93|0x0000000087500000, 0x0000000087500000, 0x0000000087600000|  0%| F|  |TAMS 0x0000000087500000, 0x0000000087500000| Untracked 
|  94|0x0000000087600000, 0x0000000087600000, 0x0000000087700000|  0%| F|  |TAMS 0x0000000087600000, 0x0000000087600000| Untracked 
|  95|0x0000000087700000, 0x0000000087700000, 0x0000000087800000|  0%| F|  |TAMS 0x0000000087700000, 0x0000000087700000| Untracked 
|  96|0x0000000087800000, 0x0000000087800000, 0x0000000087900000|  0%| F|  |TAMS 0x0000000087800000, 0x0000000087800000| Untracked 
|  97|0x0000000087900000, 0x0000000087900000, 0x0000000087a00000|  0%| F|  |TAMS 0x0000000087900000, 0x0000000087900000| Untracked 
|  98|0x0000000087a00000, 0x0000000087a00000, 0x0000000087b00000|  0%| F|  |TAMS 0x0000000087a00000, 0x0000000087a00000| Untracked 
|  99|0x0000000087b00000, 0x0000000087b00000, 0x0000000087c00000|  0%| F|  |TAMS 0x0000000087b00000, 0x0000000087b00000| Untracked 
| 100|0x0000000087c00000, 0x0000000087c00000, 0x0000000087d00000|  0%| F|  |TAMS 0x0000000087c00000, 0x0000000087c00000| Untracked 
| 101|0x0000000087d00000, 0x0000000087d00000, 0x0000000087e00000|  0%| F|  |TAMS 0x0000000087d00000, 0x0000000087d00000| Untracked 
| 102|0x0000000087e00000, 0x0000000087e00000, 0x0000000087f00000|  0%| F|  |TAMS 0x0000000087e00000, 0x0000000087e00000| Untracked 
| 103|0x0000000087f00000, 0x0000000087f00000, 0x0000000088000000|  0%| F|  |TAMS 0x0000000087f00000, 0x0000000087f00000| Untracked 
| 104|0x0000000088000000, 0x0000000088000000, 0x0000000088100000|  0%| F|  |TAMS 0x0000000088000000, 0x0000000088000000| Untracked 
| 105|0x0000000088100000, 0x0000000088100000, 0x0000000088200000|  0%| F|  |TAMS 0x0000000088100000, 0x0000000088100000| Untracked 
| 106|0x0000000088200000, 0x0000000088200000, 0x0000000088300000|  0%| F|  |TAMS 0x0000000088200000, 0x0000000088200000| Untracked 
| 107|0x0000000088300000, 0x0000000088300000, 0x0000000088400000|  0%| F|  |TAMS 0x0000000088300000, 0x0000000088300000| Untracked 
| 108|0x0000000088400000, 0x0000000088400000, 0x0000000088500000|  0%| F|  |TAMS 0x0000000088400000, 0x0000000088400000| Untracked 
| 109|0x0000000088500000, 0x0000000088500000, 0x0000000088600000|  0%| F|  |TAMS 0x0000000088500000, 0x0000000088500000| Untracked 
| 110|0x0000000088600000, 0x0000000088600000, 0x0000000088700000|  0%| F|  |TAMS 0x0000000088600000, 0x0000000088600000| Untracked 
| 111|0x0000000088700000, 0x0000000088700000, 0x0000000088800000|  0%| F|  |TAMS 0x0000000088700000, 0x0000000088700000| Untracked 
| 112|0x0000000088800000, 0x0000000088800000, 0x0000000088900000|  0%| F|  |TAMS 0x0000000088800000, 0x0000000088800000| Untracked 
| 113|0x0000000088900000, 0x0000000088900000, 0x0000000088a00000|  0%| F|  |TAMS 0x0000000088900000, 0x0000000088900000| Untracked 
| 114|0x0000000088a00000, 0x0000000088a6a8c0, 0x0000000088b00000| 41%| S|CS|TAMS 0x0000000088a00000, 0x0000000088a00000| Complete 
| 115|0x0000000088b00000, 0x0000000088c00000, 0x0000000088c00000|100%| S|CS|TAMS 0x0000000088b00000, 0x0000000088b00000| Complete 
| 116|0x0000000088c00000, 0x0000000088c00000, 0x0000000088d00000|  0%| F|  |TAMS 0x0000000088c00000, 0x0000000088c00000| Untracked 
| 117|0x0000000088d00000, 0x0000000088d00000, 0x0000000088e00000|  0%| F|  |TAMS 0x0000000088d00000, 0x0000000088d00000| Untracked 
| 118|0x0000000088e00000, 0x0000000088e00000, 0x0000000088f00000|  0%| F|  |TAMS 0x0000000088e00000, 0x0000000088e00000| Untracked 
| 119|0x0000000088f00000, 0x0000000088f00000, 0x0000000089000000|  0%| F|  |TAMS 0x0000000088f00000, 0x0000000088f00000| Untracked 
| 120|0x0000000089000000, 0x0000000089000000, 0x0000000089100000|  0%| F|  |TAMS 0x0000000089000000, 0x0000000089000000| Untracked 
| 121|0x0000000089100000, 0x0000000089100000, 0x0000000089200000|  0%| F|  |TAMS 0x0000000089100000, 0x0000000089100000| Untracked 
| 122|0x0000000089200000, 0x0000000089200000, 0x0000000089300000|  0%| F|  |TAMS 0x0000000089200000, 0x0000000089200000| Untracked 
| 123|0x0000000089300000, 0x0000000089300000, 0x0000000089400000|  0%| F|  |TAMS 0x0000000089300000, 0x0000000089300000| Untracked 
| 124|0x0000000089400000, 0x0000000089400000, 0x0000000089500000|  0%| F|  |TAMS 0x0000000089400000, 0x0000000089400000| Untracked 
| 125|0x0000000089500000, 0x0000000089500000, 0x0000000089600000|  0%| F|  |TAMS 0x0000000089500000, 0x0000000089500000| Untracked 
| 126|0x0000000089600000, 0x0000000089600000, 0x0000000089700000|  0%| F|  |TAMS 0x0000000089600000, 0x0000000089600000| Untracked 
| 127|0x0000000089700000, 0x0000000089700000, 0x0000000089800000|  0%| F|  |TAMS 0x0000000089700000, 0x0000000089700000| Untracked 

Card table byte_map: [0x00000256fe870000,0x00000256fec70000] _byte_map_base: 0x00000256fe464000

Marking Bits (Prev, Next): (CMBitMap*) 0x00000256f5d3d2f8, (CMBitMap*) 0x00000256f5d3d330
 Prev Bits: [0x000002568f000000, 0x0000025690fa0000)
 Next Bits: [0x0000025690fa0000, 0x0000025692f40000)

Polling page: 0x00000256f54d0000

Metaspace:

Usage:
  Non-class:     13.47 MB capacity,    13.30 MB ( 99%) used,   139.51 KB (  1%) free+waste,    36.31 KB ( <1%) overhead. 
      Class:      1.66 MB capacity,     1.53 MB ( 92%) used,   110.44 KB (  7%) free+waste,    17.56 KB (  1%) overhead. 
       Both:     15.12 MB capacity,    14.83 MB ( 98%) used,   249.95 KB (  2%) free+waste,    53.88 KB ( <1%) overhead. 

Virtual space:
  Non-class space:       26.00 MB reserved,      13.50 MB ( 52%) committed 
      Class space:        1.00 GB reserved,       1.75 MB ( <1%) committed 
             Both:        1.03 GB reserved,      15.25 MB (  1%) committed 

Chunk freelists:
   Non-Class:  34.00 KB
       Class:  0 bytes
        Both:  34.00 KB

MaxMetaspaceSize: 17179869184.00 GB
CompressedClassSpaceSize: 1.00 GB
Initial GC threshold: 20.80 MB
Current GC threshold: 21.12 MB
CDS: off

CodeHeap 'non-profiled nmethods': size=238912Kb used=1958Kb max_used=1958Kb free=236954Kb
 bounds [0x00000256806b0000, 0x0000025680920000, 0x000002568f000000]
CodeHeap 'non-nmethods': size=6848Kb used=1158Kb max_used=1158Kb free=5689Kb
 bounds [0x0000025680000000, 0x0000025680270000, 0x00000256806b0000]
 total_blobs=1795 nmethods=1370 adapters=353
 compilation: enabled
              stopped_count=0, restarted_count=0
 full_count=0

Compilation events (20 events):
Event: 2.563 Thread 0x00000256ff589800 nmethod 1353 0x0000025680894610 code [0x00000256808947e0, 0x0000025680894928]
Event: 2.563 Thread 0x00000256ff589800 1354       1       java.net.URI::getRawFragment (5 bytes)
Event: 2.563 Thread 0x00000256ff589800 nmethod 1354 0x0000025680894a90 code [0x0000025680894c40, 0x0000025680894cf8]
Event: 2.563 Thread 0x00000256ff589800 1355       1       java.net.URI::getRawQuery (5 bytes)
Event: 2.563 Thread 0x00000256ff589800 nmethod 1355 0x0000025680894d90 code [0x0000025680894f40, 0x0000025680894ff8]
Event: 2.563 Thread 0x00000256ff589800 1357       1       java.lang.invoke.MemberName::<init> (25 bytes)
Event: 2.563 Thread 0x00000256ff589800 nmethod 1357 0x0000025680895390 code [0x0000025680895560, 0x00000256808956a8]
Event: 2.564 Thread 0x00000256ff589800 1358       1       java.lang.invoke.MethodHandles$Lookup::resolveOrFail (42 bytes)
Event: 2.565 Thread 0x00000256ff589800 nmethod 1358 0x0000025680895790 code [0x00000256808959c0, 0x0000025680895e88]
Event: 2.565 Thread 0x00000256ff589800 1359       1       java.lang.invoke.ClassSpecializer$SpeciesData::getterFunctions (5 bytes)
Event: 2.565 Thread 0x00000256ff589800 nmethod 1359 0x0000025680896410 code [0x00000256808965c0, 0x0000025680896678]
Event: 2.565 Thread 0x00000256ff589800 1362       1       java.lang.invoke.BoundMethodHandle$Specializer$Factory::chooseFieldName (25 bytes)
Event: 2.567 Thread 0x00000256ff589800 nmethod 1362 0x0000025680896d10 code [0x0000025680896f60, 0x0000025680897418]
Event: 2.567 Thread 0x00000256ff589800 1366       1       sun.invoke.util.BytecodeDescriptor::unparseMethod (66 bytes)
Event: 2.568 Thread 0x00000256ff589800 nmethod 1366 0x0000025680897a10 code [0x0000025680897c20, 0x0000025680897fa8]
Event: 2.568 Thread 0x00000256ff589800 1363       1       java.lang.invoke.ClassSpecializer$Factory::chooseFieldName (32 bytes)
Event: 2.569 Thread 0x00000256ff589800 nmethod 1363 0x0000025680898810 code [0x0000025680898a20, 0x0000025680898dd8]
Event: 2.569 Thread 0x00000256ff589800 1367       1       java.lang.invoke.MethodHandles$Lookup::restrictProtectedReceiver (51 bytes)
Event: 2.571 Thread 0x00000256ff589800 nmethod 1367 0x0000025680899090 code [0x00000256808992a0, 0x0000025680899608]
Event: 2.571 Thread 0x00000256ff589800 1368       1       java.lang.invoke.MemberName::isProtected (8 bytes)

GC Heap History (6 events):
Event: 1.998 GC heap before
{Heap before GC invocations=0 (full 0):
 garbage-first heap   total 131072K, used 14336K [0x0000000081800000, 0x0000000100000000)
  region size 1024K, 14 young (14336K), 0 survivors (0K)
 Metaspace       used 11844K, capacity 12074K, committed 12416K, reserved 1060864K
  class space    used 1202K, capacity 1302K, committed 1408K, reserved 1048576K
}
Event: 2.010 GC heap after
{Heap after GC invocations=1 (full 0):
 garbage-first heap   total 131072K, used 7438K [0x0000000081800000, 0x0000000100000000)
  region size 1024K, 2 young (2048K), 2 survivors (2048K)
 Metaspace       used 11844K, capacity 12074K, committed 12416K, reserved 1060864K
  class space    used 1202K, capacity 1302K, committed 1408K, reserved 1048576K
}
Event: 2.255 GC heap before
{Heap before GC invocations=1 (full 0):
 garbage-first heap   total 131072K, used 12558K [0x0000000081800000, 0x0000000100000000)
  region size 1024K, 7 young (7168K), 2 survivors (2048K)
 Metaspace       used 13932K, capacity 14226K, committed 14336K, reserved 1062912K
  class space    used 1405K, capacity 1506K, committed 1536K, reserved 1048576K
}
Event: 2.263 GC heap after
{Heap after GC invocations=2 (full 0):
 garbage-first heap   total 131072K, used 8612K [0x0000000081800000, 0x0000000100000000)
  region size 1024K, 1 young (1024K), 1 survivors (1024K)
 Metaspace       used 13932K, capacity 14226K, committed 14336K, reserved 1062912K
  class space    used 1405K, capacity 1506K, committed 1536K, reserved 1048576K
}
Event: 2.572 GC heap before
{Heap before GC invocations=2 (full 0):
 garbage-first heap   total 131072K, used 17828K [0x0000000081800000, 0x0000000100000000)
  region size 1024K, 12 young (12288K), 1 survivors (1024K)
 Metaspace       used 15182K, capacity 15486K, committed 15616K, reserved 1073152K
  class space    used 1568K, capacity 1696K, committed 1792K, reserved 1048576K
}
Event: 2.577 GC heap after
{Heap after GC invocations=3 (full 0):
 garbage-first heap   total 131072K, used 9038K [0x0000000081800000, 0x0000000100000000)
  region size 1024K, 2 young (2048K), 2 survivors (2048K)
 Metaspace       used 15182K, capacity 15486K, committed 15616K, reserved 1073152K
  class space    used 1568K, capacity 1696K, committed 1792K, reserved 1048576K
}

Deoptimization events (0 events):
No events

Classes redefined (0 events):
No events

Internal exceptions (20 events):
Event: 1.028 Thread 0x00000256f5cfe000 Exception <a 'java/lang/IncompatibleClassChangeError'{0x00000000890e1760}: Found class java.lang.Object, but interface was expected> (0x00000000890e1760) thrown at [s\src\hotspot\share\interpreter\linkResolver.cpp, line 839]
Event: 1.142 Thread 0x00000256f5cfe000 Exception <a 'java/lang/NoSuchMethodError'{0x0000000088fabef8}: 'java.lang.Object java.lang.invoke.DirectMethodHandle$Holder.invokeStatic(java.lang.Object, java.lang.Object, java.lang.Object, java.lang.Object, java.lang.Object, java.lang.Object, java.lang.Object, java.lang.Object, java.lang.Object, java.lang.Object, java.lang.Object, int)'> (0x0000000088fabef8) thrown at [s\src\hotspot\share\interpreter\linkResolver.cpp, line 773]
Event: 1.148 Thread 0x00000256f5cfe000 Exception <a 'java/lang/NoSuchMethodError'{0x0000000088fca2f0}: 'java.lang.Object java.lang.invoke.DirectMethodHandle$Holder.invokeStatic(java.lang.Object, java.lang.Object, java.lang.Object, java.lang.Object, java.lang.Object, java.lang.Object, java.lang.Object, java.lang.Object, java.lang.Object, java.lang.Object, java.lang.Object, int, int)'> (0x0000000088fca2f0) thrown at [s\src\hotspot\share\interpreter\linkResolver.cpp, line 773]
Event: 1.154 Thread 0x00000256f5cfe000 Exception <a 'java/lang/NoSuchMethodError'{0x0000000088fe98d0}: 'java.lang.Object java.lang.invoke.DirectMethodHandle$Holder.invokeStatic(java.lang.Object, java.lang.Object, java.lang.Object, java.lang.Object, java.lang.Object, java.lang.Object, java.lang.Object, java.lang.Object, java.lang.Object, java.lang.Object, java.lang.Object, int, int, java.lang.Object)'> (0x0000000088fe98d0) thrown at [s\src\hotspot\share\interpreter\linkResolver.cpp, line 773]
Event: 1.160 Thread 0x00000256f5cfe000 Exception <a 'java/lang/NoSuchMethodError'{0x0000000088e0a800}: 'java.lang.Object java.lang.invoke.DirectMethodHandle$Holder.invokeStatic(java.lang.Object, java.lang.Object, java.lang.Object, java.lang.Object, java.lang.Object, java.lang.Object, java.lang.Object, java.lang.Object, java.lang.Object, java.lang.Object, java.lang.Object, int, int, java.lang.Object, java.lang.Object)'> (0x0000000088e0a800) thrown at [s\src\hotspot\share\interpreter\linkResolver.cpp, line 773]
Event: 1.334 Thread 0x00000256f5cfe000 Exception <a 'java/lang/NoSuchMethodError'{0x0000000088daf388}: 'int java.lang.invoke.DirectMethodHandle$Holder.invokeSpecialIFC(java.lang.Object, java.lang.Object, java.lang.Object)'> (0x0000000088daf388) thrown at [s\src\hotspot\share\interpreter\linkResolver.cpp, line 773]
Event: 1.382 Thread 0x00000256f5cfe000 Exception <a 'java/lang/NoSuchMethodError'{0x0000000088c08e58}: 'java.lang.Object java.lang.invoke.DirectMethodHandle$Holder.invokeStatic(java.lang.Object, int, int, int, int)'> (0x0000000088c08e58) thrown at [s\src\hotspot\share\interpreter\linkResolver.cpp, line 773]
Event: 1.382 Thread 0x00000256f5cfe000 Exception <a 'java/lang/NoSuchMethodError'{0x0000000088c0bf80}: 'java.lang.Object java.lang.invoke.DirectMethodHandle$Holder.invokeStaticInit(java.lang.Object, int, int, int, int)'> (0x0000000088c0bf80) thrown at [s\src\hotspot\share\interpreter\linkResolver.cpp, line 773]
Event: 1.867 Thread 0x00000256f5cfe000 Exception <a 'java/lang/NoSuchMethodError'{0x0000000088ccc198}: 'java.lang.Object java.lang.invoke.DirectMethodHandle$Holder.invokeStatic(java.lang.Object, java.lang.Object, int, int, int, int)'> (0x0000000088ccc198) thrown at [s\src\hotspot\share\interpreter\linkResolver.cpp, line 773]
Event: 1.868 Thread 0x00000256f5cfe000 Exception <a 'java/lang/NoSuchMethodError'{0x0000000088ccf4f0}: 'java.lang.Object java.lang.invoke.DirectMethodHandle$Holder.invokeStaticInit(java.lang.Object, java.lang.Object, int, int, int, int)'> (0x0000000088ccf4f0) thrown at [s\src\hotspot\share\interpreter\linkResolver.cpp, line 773]
Event: 1.896 Thread 0x00000256f5cfe000 Exception <a 'java/lang/ClassNotFoundException'{0x0000000088cefe10}: javax/management/remote/rmi/RMIServerImpl_Skel> (0x0000000088cefe10) thrown at [s\src\hotspot\share\classfile\systemDictionary.cpp, line 230]
Event: 2.050 Thread 0x00000256f5cfe000 Exception <a 'java/lang/ClassNotFoundException'{0x000000008979e680}: javax/smartcardio/CardPermission> (0x000000008979e680) thrown at [s\src\hotspot\share\classfile\systemDictionary.cpp, line 230]
Event: 2.057 Thread 0x00000256f5cfe000 Exception <a 'java/io/FileNotFoundException'{0x00000000897acbc0}> (0x00000000897acbc0) thrown at [s\src\hotspot\share\prims\jni.cpp, line 617]
Event: 2.281 Thread 0x00000256f5cfe000 Exception <a 'java/lang/NoSuchMethodError'{0x0000000089759ee0}: 'java.lang.Object java.lang.invoke.DirectMethodHandle$Holder.invokeSpecialIFC(java.lang.Object, java.lang.Object, java.lang.Object, java.lang.Object)'> (0x0000000089759ee0) thrown at [s\src\hotspot\share\interpreter\linkResolver.cpp, line 773]
Event: 2.312 Thread 0x00000256f5cfe000 Exception <a 'java/lang/NoSuchMethodError'{0x0000000089681770}: 'int java.lang.invoke.DirectMethodHandle$Holder.invokeStaticInit(java.lang.Object, java.lang.Object)'> (0x0000000089681770) thrown at [s\src\hotspot\share\interpreter\linkResolver.cpp, line 773]
Event: 2.393 Thread 0x00000256f5cfe000 Exception <a 'java/lang/NoSuchMethodError'{0x00000000893cfb58}: 'int java.lang.invoke.DirectMethodHandle$Holder.invokeStaticInit(java.lang.Object, java.lang.Object, java.lang.Object)'> (0x00000000893cfb58) thrown at [s\src\hotspot\share\interpreter\linkResolver.cpp, line 773]
Event: 2.414 Thread 0x00000256f5cfe000 Exception <a 'java/lang/NoSuchMethodError'{0x000000008916a3c8}: 'void java.lang.invoke.DirectMethodHandle$Holder.invokeSpecial(java.lang.Object, java.lang.Object)'> (0x000000008916a3c8) thrown at [s\src\hotspot\share\interpreter\linkResolver.cpp, line 773]
Event: 2.562 Thread 0x0000025695b3e800 Exception <a 'java/lang/NoSuchMethodError'{0x0000000088d65ae0}: 'java.lang.Object java.lang.invoke.DirectMethodHandle$Holder.invokeStatic(java.lang.Object, java.lang.Object, java.lang.Object, java.lang.Object, java.lang.Object, java.lang.Object, java.lang.Object, java.lang.Object, java.lang.Object, java.lang.Object, java.lang.Object, java.lang.Object, java.lang.Object, int)'> (0x0000000088d65ae0) thrown at [s\src\hotspot\share\interpreter\linkResolver.cpp, line 773]
Event: 2.565 Thread 0x0000025695b3e800 Exception <a 'java/lang/NoSuchMethodError'{0x0000000088dc9428}: 'java.lang.Object java.lang.invoke.DirectMethodHandle$Holder.invokeStatic(java.lang.Object, java.lang.Object, java.lang.Object, java.lang.Object, java.lang.Object, java.lang.Object, java.lang.Object, java.lang.Object, java.lang.Object, java.lang.Object, java.lang.Object, java.lang.Object, java.lang.Object, int, int)'> (0x0000000088dc9428) thrown at [s\src\hotspot\share\interpreter\linkResolver.cpp, line 773]
Event: 2.569 Thread 0x0000025695b3e800 Exception <a 'java/lang/NoSuchMethodError'{0x0000000088ca00d0}: 'java.lang.Object java.lang.invoke.DelegatingMethodHandle$Holder.reinvoke_L(java.lang.Object, int, java.lang.Object)'> (0x0000000088ca00d0) thrown at [s\src\hotspot\share\interpreter\linkResolver.cpp, line 773]

Events (20 events):
Event: 2.510 loading class java/security/CodeSigner
Event: 2.511 loading class java/security/CodeSigner done
Event: 2.536 Loaded shared library C:\Users\Admin\.jdks\corretto-11.0.20.1\bin\java.dll
Event: 2.550 loading class sun/rmi/transport/tcp/TCPTransport$ConnectionHandler
Event: 2.550 loading class sun/rmi/transport/tcp/TCPTransport$ConnectionHandler done
Event: 2.550 loading class java/util/concurrent/ThreadPoolExecutor$Worker
Event: 2.550 loading class java/util/concurrent/ThreadPoolExecutor$Worker done
Event: 2.551 Thread 0x0000025695b3e800 Thread added: 0x0000025695b3e800
Event: 2.560 loading class java/lang/invoke/BoundMethodHandle$Species_LLLLLLLLLL
Event: 2.560 loading class java/lang/invoke/BoundMethodHandle$Species_LLLLLLLLLL done
Event: 2.562 loading class java/lang/invoke/BoundMethodHandle$Species_LLLLLLLLLLI
Event: 2.562 loading class java/lang/invoke/BoundMethodHandle$Species_LLLLLLLLLLI done
Event: 2.564 loading class java/lang/invoke/BoundMethodHandle$Species_LLLLLLLLLLII
Event: 2.564 loading class java/lang/invoke/BoundMethodHandle$Species_LLLLLLLLLLII done
Event: 2.566 loading class java/lang/invoke/BoundMethodHandle$Species_LLLLLLLLLLIIL
Event: 2.567 loading class java/lang/invoke/BoundMethodHandle$Species_LLLLLLLLLLIIL done
Event: 2.570 Executing VM operation: RevokeBias
Event: 2.570 Executing VM operation: RevokeBias done
Event: 2.571 loading class java/net/Socket$3
Event: 2.571 Executing VM operation: CollectForMetadataAllocation


Dynamic libraries:
0x00007ff66a860000 - 0x00007ff66a86d000 	C:\Users\Admin\.jdks\corretto-11.0.20.1\bin\java.exe
0x00007ffda3470000 - 0x00007ffda3668000 	C:\WINDOWS\SYSTEM32\ntdll.dll
0x00007ffda2bf0000 - 0x00007ffda2cad000 	C:\WINDOWS\System32\KERNEL32.DLL
0x00007ffda0cf0000 - 0x00007ffda0fe6000 	C:\WINDOWS\System32\KERNELBASE.dll
0x00007ffda0bc0000 - 0x00007ffda0cc0000 	C:\WINDOWS\System32\ucrtbase.dll
0x00007ffd9c5a0000 - 0x00007ffd9c5b9000 	C:\Users\Admin\.jdks\corretto-11.0.20.1\bin\VCRUNTIME140.dll
0x00007ffd9c580000 - 0x00007ffd9c597000 	C:\Users\Admin\.jdks\corretto-11.0.20.1\bin\jli.dll
0x00007ffda2d80000 - 0x00007ffda2f1e000 	C:\WINDOWS\System32\USER32.dll
0x00007ffda0cc0000 - 0x00007ffda0ce2000 	C:\WINDOWS\System32\win32u.dll
0x00007ffda14d0000 - 0x00007ffda14fc000 	C:\WINDOWS\System32\GDI32.dll
0x00007ffda1130000 - 0x00007ffda124a000 	C:\WINDOWS\System32\gdi32full.dll
0x00007ffda12d0000 - 0x00007ffda136d000 	C:\WINDOWS\System32\msvcp_win.dll
0x00007ffd945f0000 - 0x00007ffd9488a000 	C:\WINDOWS\WinSxS\amd64_microsoft.windows.common-controls_6595b64144ccf1df_6.0.19041.1110_none_60b5254171f9507e\COMCTL32.dll
0x00007ffda1b10000 - 0x00007ffda1bae000 	C:\WINDOWS\System32\msvcrt.dll
0x00007ffda2fe0000 - 0x00007ffda3010000 	C:\WINDOWS\System32\IMM32.DLL
0x00007ffd95360000 - 0x00007ffd953fb000 	C:\Users\Admin\.jdks\corretto-11.0.20.1\bin\msvcp140.dll
0x00007ffd60540000 - 0x00007ffd610cb000 	C:\Users\Admin\.jdks\corretto-11.0.20.1\bin\server\jvm.dll
0x00007ffda2f30000 - 0x00007ffda2fde000 	C:\WINDOWS\System32\ADVAPI32.dll
0x00007ffda1ee0000 - 0x00007ffda1f7c000 	C:\WINDOWS\System32\sechost.dll
0x00007ffda31c0000 - 0x00007ffda32e6000 	C:\WINDOWS\System32\RPCRT4.dll
0x00007ffda15b0000 - 0x00007ffda15b8000 	C:\WINDOWS\System32\PSAPI.DLL
0x00007ffd91c60000 - 0x00007ffd91c69000 	C:\WINDOWS\SYSTEM32\WSOCK32.dll
0x00007ffda20d0000 - 0x00007ffda213b000 	C:\WINDOWS\System32\WS2_32.dll
0x00007ffd95710000 - 0x00007ffd95737000 	C:\WINDOWS\SYSTEM32\WINMM.dll
0x00007ffd93760000 - 0x00007ffd9376a000 	C:\WINDOWS\SYSTEM32\VERSION.dll
0x00007ffd9e9e0000 - 0x00007ffd9e9f2000 	C:\WINDOWS\SYSTEM32\kernel.appcore.dll
0x00007ffd9c570000 - 0x00007ffd9c580000 	C:\Users\Admin\.jdks\corretto-11.0.20.1\bin\verify.dll
0x00007ffd8a140000 - 0x00007ffd8a324000 	C:\WINDOWS\SYSTEM32\DBGHELP.DLL
0x00007ffd896c0000 - 0x00007ffd896f4000 	C:\WINDOWS\SYSTEM32\dbgcore.DLL
0x00007ffda0ff0000 - 0x00007ffda1072000 	C:\WINDOWS\System32\bcryptPrimitives.dll
0x00007ffd9c540000 - 0x00007ffd9c568000 	C:\Users\Admin\.jdks\corretto-11.0.20.1\bin\java.dll
0x00007ffd9b9c0000 - 0x00007ffd9b9ca000 	C:\Users\Admin\.jdks\corretto-11.0.20.1\bin\jimage.dll
0x00007ffd9b330000 - 0x00007ffd9b33e000 	C:\Users\Admin\.jdks\corretto-11.0.20.1\bin\instrument.dll
0x00007ffd9b360000 - 0x00007ffd9b378000 	C:\Users\Admin\.jdks\corretto-11.0.20.1\bin\zip.dll
0x00007ffda24a0000 - 0x00007ffda2be5000 	C:\WINDOWS\System32\SHELL32.dll
0x00007ffd9ebe0000 - 0x00007ffd9f37b000 	C:\WINDOWS\SYSTEM32\windows.storage.dll
0x00007ffda2140000 - 0x00007ffda2494000 	C:\WINDOWS\System32\combase.dll
0x00007ffda04c0000 - 0x00007ffda04ee000 	C:\WINDOWS\SYSTEM32\Wldp.dll
0x00007ffda1500000 - 0x00007ffda15ad000 	C:\WINDOWS\System32\SHCORE.dll
0x00007ffda32f0000 - 0x00007ffda3345000 	C:\WINDOWS\System32\shlwapi.dll
0x00007ffda0a80000 - 0x00007ffda0aa5000 	C:\WINDOWS\SYSTEM32\profapi.dll
0x00007ffd9aab0000 - 0x00007ffd9aac9000 	C:\Users\Admin\.jdks\corretto-11.0.20.1\bin\net.dll
0x00007ffd95b00000 - 0x00007ffd95c0a000 	C:\WINDOWS\SYSTEM32\WINHTTP.dll
0x00007ffda0220000 - 0x00007ffda028a000 	C:\WINDOWS\system32\mswsock.dll
0x00007ffd9aa90000 - 0x00007ffd9aaa3000 	C:\Users\Admin\.jdks\corretto-11.0.20.1\bin\nio.dll
0x00007ffd9aaf0000 - 0x00007ffd9ab0a000 	C:\Program Files\JetBrains\IntelliJ IDEA 2023.2\bin\breakgen64.dll
0x00007ffd9ff50000 - 0x00007ffda001a000 	C:\WINDOWS\SYSTEM32\DNSAPI.dll
0x00007ffd9ff10000 - 0x00007ffd9ff4b000 	C:\WINDOWS\SYSTEM32\IPHLPAPI.DLL
0x00007ffda2010000 - 0x00007ffda2018000 	C:\WINDOWS\System32\NSI.dll
0x00007ffd94f90000 - 0x00007ffd94f9a000 	C:\Windows\System32\rasadhlp.dll
0x00007ffd94e40000 - 0x00007ffd94ec2000 	C:\WINDOWS\System32\fwpuclnt.dll
0x00007ffda12a0000 - 0x00007ffda12c7000 	C:\WINDOWS\System32\bcrypt.dll
0x00007ffd9b320000 - 0x00007ffd9b329000 	C:\Users\Admin\.jdks\corretto-11.0.20.1\bin\management.dll
0x00007ffd9aa60000 - 0x00007ffd9aa6b000 	C:\Users\Admin\.jdks\corretto-11.0.20.1\bin\management_ext.dll
0x00007ffda0420000 - 0x00007ffda0438000 	C:\WINDOWS\SYSTEM32\CRYPTSP.dll
0x00007ffd9fb30000 - 0x00007ffd9fb64000 	C:\WINDOWS\system32\rsaenh.dll
0x00007ffda0a00000 - 0x00007ffda0a2e000 	C:\WINDOWS\SYSTEM32\USERENV.dll
0x00007ffda0410000 - 0x00007ffda041c000 	C:\WINDOWS\SYSTEM32\CRYPTBASE.dll
0x00007ffd95fd0000 - 0x00007ffd95fe7000 	C:\WINDOWS\SYSTEM32\dhcpcsvc6.DLL
0x00007ffd971f0000 - 0x00007ffd9720d000 	C:\WINDOWS\SYSTEM32\dhcpcsvc.DLL
0x00007ffd7aa30000 - 0x00007ffd7aa47000 	C:\WINDOWS\system32\napinsp.dll
0x00007ffd6dd00000 - 0x00007ffd6dd1b000 	C:\WINDOWS\system32\pnrpnsp.dll
0x00007ffd9c4f0000 - 0x00007ffd9c50d000 	C:\WINDOWS\system32\NLAapi.dll
0x00007ffd9b570000 - 0x00007ffd9b585000 	C:\WINDOWS\system32\wshbth.dll
0x00007ffd68bf0000 - 0x00007ffd68c02000 	C:\WINDOWS\System32\winrnr.dll

dbghelp: loaded successfully - version: 4.0.5 - missing functions: none
symbol engine: initialized successfully - sym options: 0x614 - pdb path: .;C:\Users\Admin\.jdks\corretto-11.0.20.1\bin;C:\WINDOWS\SYSTEM32;C:\WINDOWS\WinSxS\amd64_microsoft.windows.common-controls_6595b64144ccf1df_6.0.19041.1110_none_60b5254171f9507e;C:\Users\Admin\.jdks\corretto-11.0.20.1\bin\server;C:\Program Files\JetBrains\IntelliJ IDEA 2023.2\bin

VM Arguments:
jvm_args: -XX:TieredStopAtLevel=1 -Xverify:none -Dspring.output.ansi.enabled=always -Dcom.sun.management.jmxremote -Dspring.jmx.enabled=true -Dspring.liveBeansView.mbeanDomain -Dspring.application.admin.enabled=true -Dmanagement.endpoints.jmx.exposure.include=* -javaagent:C:\Program Files\JetBrains\IntelliJ IDEA 2023.2\lib\idea_rt.jar=52547:C:\Program Files\JetBrains\IntelliJ IDEA 2023.2\bin -Dfile.encoding=UTF-8 
java_command: com.fa.training.SpringBootJpaSecurityApplication
java_class_path (initial): E:\Workspace\Spring Boot\program\JSFW.L.A103\target\classes;C:\Users\Admin\.m2\repository\commons-beanutils\commons-beanutils\1.9.4\commons-beanutils-1.9.4.jar;C:\Users\Admin\.m2\repository\commons-logging\commons-logging\1.2\commons-logging-1.2.jar;C:\Users\Admin\.m2\repository\commons-collections\commons-collections\3.2.2\commons-collections-3.2.2.jar;C:\Users\Admin\.m2\repository\org\springframework\boot\spring-boot-starter-validation\3.1.0\spring-boot-starter-validation-3.1.0.jar;C:\Users\Admin\.m2\repository\org\springframework\boot\spring-boot-starter\2.7.15\spring-boot-starter-2.7.15.jar;C:\Users\Admin\.m2\repository\org\springframework\boot\spring-boot-starter-logging\2.7.15\spring-boot-starter-logging-2.7.15.jar;C:\Users\Admin\.m2\repository\ch\qos\logback\logback-classic\1.2.12\logback-classic-1.2.12.jar;C:\Users\Admin\.m2\repository\ch\qos\logback\logback-core\1.2.12\logback-core-1.2.12.jar;C:\Users\Admin\.m2\repository\org\apache\logging\log4j\log4j-to-slf4j\2.17.2\log4j-to-slf4j-2.17.2.jar;C:\Users\Admin\.m2\repository\org\apache\logging\log4j\log4j-api\2.17.2\log4j-api-2.17.2.jar;C:\Users\Admin\.m2\repository\org\slf4j\jul-to-slf4j\1.7.36\jul-to-slf4j-1.7.36.jar;C:\Users\Admin\.m2\repository\jakarta\annotation\jakarta.annotation-api\1.3.5\jakarta.annotation-api-1.3.5.jar;C:\Users\Admin\.m2\repository\org\yaml\snakeyaml\1.30\snakeyaml-1.30.jar;C:\Users\Admin\.m2\repository\org\apache\tomcat\embed\tomcat-embed-el\9.0.79\tomcat-embed-el-9.0.79.jar;C:\Users\Admin\.m2\repository\org\hibernate\validator\hibernate-validator\6.2.5.Final\hibernate-validator-6.2.5.Final.jar;C:\Users\Admin\.m2\repository\jakarta\validation\jakarta.validation-api\2.0.2\jakarta.validation-api-2.0.2.jar;C:\Users\Admin\.m2\repository\org\jboss\logging\jboss-logging\3.4.3.Final\jboss-logging-3.4.3.Final.jar;C:\Users\Admin\.m2\repository\com\fasterxml\classmate\1.5.1\classmate-1.5.1.jar;C:\Users\Admin\.m2\repository\org\springframework\boot\spring-boot-star
Launcher Type: SUN_STANDARD

[Global flags]
     bool BytecodeVerificationLocal                = false                                     {product} {command line}
     bool BytecodeVerificationRemote               = false                                     {product} {command line}
     intx CICompilerCount                          = 3                                         {product} {ergonomic}
     uint ConcGCThreads                            = 1                                         {product} {ergonomic}
     uint G1ConcRefinementThreads                  = 4                                         {product} {ergonomic}
   size_t G1HeapRegionSize                         = 1048576                                   {product} {ergonomic}
    uintx GCDrainStackTargetSize                   = 64                                        {product} {ergonomic}
   size_t InitialHeapSize                          = 134217728                                 {product} {ergonomic}
     bool ManagementServer                         = true                                      {product} {command line}
   size_t MarkStackSize                            = 4194304                                   {product} {ergonomic}
   size_t MaxHeapSize                              = 2122317824                                {product} {ergonomic}
   size_t MaxNewSize                               = 1272971264                                {product} {ergonomic}
   size_t MinHeapDeltaBytes                        = 1048576                                   {product} {ergonomic}
    uintx NonNMethodCodeHeapSize                   = 6973028                                {pd product} {ergonomic}
    uintx NonProfiledCodeHeapSize                  = 244685212                              {pd product} {ergonomic}
    uintx ProfiledCodeHeapSize                     = 0                                      {pd product} {ergonomic}
    uintx ReservedCodeCacheSize                    = 251658240                              {pd product} {ergonomic}
     bool SegmentedCodeCache                       = true                                      {product} {ergonomic}
     intx TieredStopAtLevel                        = 1                                         {product} {command line}
     bool UseCompressedClassPointers               = true                                 {lp64_product} {ergonomic}
     bool UseCompressedOops                        = true                                 {lp64_product} {ergonomic}
     bool UseG1GC                                  = true                                      {product} {ergonomic}
     bool UseLargePagesIndividualAllocation        = false                                  {pd product} {ergonomic}

Logging:
Log output configuration:
 #0: stdout all=warning uptime,level,tags
 #1: stderr all=off uptime,level,tags

Environment Variables:
PATH=C:\Program Files\Microsoft MPI\Bin\;C:\Program Files (x86)\Common Files\Oracle\Java\javapath;C:\Program Files (x86)\Siemens\Automation\SCADA-RT_V11\WinCC\Bin;C:\Program Files (x86)\Common Files\Siemens\Bin;C:\Program Files (x86)\Common Files\Siemens\CommonArchiving;C:\Program Files (x86)\Common Files\Siemens\ACE\Bin;C:\Program Files\Common Files\Siemens\Automation\Simatic OAM\bin;C:\WINDOWS\system32;C:\WINDOWS;C:\WINDOWS\System32\Wbem;C:\WINDOWS\System32\WindowsPowerShell\v1.0\;C:\WINDOWS\System32\OpenSSH\;C:\Program Files\dotnet\;C:\Program Files (x86)\Microsoft SQL Server\Client SDK\ODBC\110\Tools\Binn\;C:\Program Files (x86)\Microsoft SQL Server\120\Tools\Binn\;C:\Program Files (x86)\Microsoft SQL Server\120\DTS\Binn\;C:\MinGW\bin;C:\Program Files\Microsoft SQL Server\Client SDK\ODBC\170\Tools\Binn\;C:\Program Files\Azure Data Studio\bin;C:\Program Files\Git\cmd;C:\Program Files\apache-maven-3.9.2\bin;C:\Program Files\Eclipse Adoptium\jdk-17.0.6.10-hotspot;C:\Users\Admin\AppData\Local\Microsoft\WindowsApps;C:\Users\Admin\AppData\Local\Programs\Microsoft VS Code\bin;C:\Users\Admin\AppData\Roaming\Microsoft\Windows\Start Menu\Programs\Python 3.11;C:\Program Files\Azure Data Studio\bin;C:\Program Files\JetBrains\IntelliJ IDEA Community Edition 2023.1.1\bin;;C:\Program Files\apache-maven-3.9.2\bin;;C:\Program Files\JetBrains\IntelliJ IDEA 2023.2\bin;
USERNAME=Admin
OS=Windows_NT
PROCESSOR_IDENTIFIER=Intel64 Family 6 Model 58 Stepping 9, GenuineIntel
TMP=C:\Users\Admin\AppData\Local\Temp
TEMP=C:\Users\Admin\AppData\Local\Temp



---------------  S Y S T E M  ---------------

OS: Windows 10 , 64 bit Build 19041 (10.0.19041.3393)
OS uptime: 0 days 16:27 hours

CPU:total 4 (initial active 4) (2 cores per cpu, 2 threads per core) family 6 model 58 stepping 9 microcode 0x21, cmov, cx8, fxsr, mmx, sse, sse2, sse3, ssse3, sse4.1, sse4.2, popcnt, avx, clmul, erms, ht, tsc, tscinvbit, tscinv

Memory: 4k page, system-wide physical 8089M (1015M free)
TotalPageFile size 8089M (AvailPageFile size 5M)
current process WorkingSet (physical memory assigned to process): 75M, peak: 75M
current process commit charge ("private bytes"): 214M, peak: 215M

vm_info: OpenJDK 64-Bit Server VM (11.0.20.1+9-LTS) for windows-amd64 JRE (11.0.20.1+9-LTS), built on Aug 19 2023 03:46:24 by "Administrator" with MS VC++ 15.9 (VS2017)

END.
