#
# There is insufficient memory for the Java Runtime Environment to continue.
# Native memory allocation (malloc) failed to allocate 1048576 bytes for AllocateHeap
# Possible reasons:
#   The system is out of physical RAM or swap space
#   The process is running with CompressedOops enabled, and the Java Heap may be blocking the growth of the native heap
# Possible solutions:
#   Reduce memory load on the system
#   Increase physical memory or swap space
#   Check if swap backing store is full
#   Decrease Java heap size (-Xmx/-Xms)
#   Decrease number of Java threads
#   Decrease Java thread stack sizes (-Xss)
#   Set larger code cache with -XX:ReservedCodeCacheSize=
#   JVM is running with Unscaled Compressed Oops mode in which the Java heap is
#     placed in the first 4GB address space. The Java Heap base address is the
#     maximum limit for the native heap growth. Please use -XX:HeapBaseMinAddress
#     to set the Java Heap base and to place the Java Heap above 4GB virtual address.
# This output file may be truncated or incomplete.
#
#  Out of Memory Error (allocation.cpp:46), pid=4908, tid=10480
#
# JRE version: OpenJDK Runtime Environment Corretto-11.0.20.9.1 (11.0.20.1+9) (build 11.0.20.1+9-LTS)
# Java VM: OpenJDK 64-Bit Server VM Corretto-11.0.20.9.1 (11.0.20.1+9-LTS, mixed mode, tiered, compressed oops, g1 gc, windows-amd64)
# No core dump will be written. Minidumps are not enabled by default on client versions of Windows
#

---------------  S U M M A R Y ------------

Command Line: -XX:TieredStopAtLevel=1 -Xverify:none -Dspring.output.ansi.enabled=always -Dcom.sun.management.jmxremote -Dspring.jmx.enabled=true -Dspring.liveBeansView.mbeanDomain -Dspring.application.admin.enabled=true -Dmanagement.endpoints.jmx.exposure.include=* -javaagent:C:\Program Files\JetBrains\IntelliJ IDEA 2023.2\lib\idea_rt.jar=52535:C:\Program Files\JetBrains\IntelliJ IDEA 2023.2\bin -Dfile.encoding=UTF-8 com.fa.training.SpringBootJpaSecurityApplication

Host: Intel(R) Core(TM) i3-3217U CPU @ 1.80GHz, 4 cores, 7G,  Windows 10 , 64 bit Build 19041 (10.0.19041.3393)
Time: Wed Sep 20 11:35:37 2023 SE Asia Standard Time elapsed time: 2.974873 seconds (0d 0h 0m 2s)

---------------  T H R E A D  ---------------

Current thread (0x00000255911a0800):  VMThread "VM Thread" [stack: 0x0000005fc2100000,0x0000005fc2200000] [id=10480]

Stack: [0x0000005fc2100000,0x0000005fc2200000]
[error occurred during error reporting (printing stack bounds), id 0xc0000005, EXCEPTION_ACCESS_VIOLATION (0xc0000005) at pc=0x000002558000112d]

Native frames: (J=compiled Java code, j=interpreted, Vv=VM code, C=native code)
V  [jvm.dll+0x62418a]
V  [jvm.dll+0x7b1d69]
V  [jvm.dll+0x7b3458]
V  [jvm.dll+0x7b3a95]
V  [jvm.dll+0x7b3a4b]
V  [jvm.dll+0x623517]
V  [jvm.dll+0x623c28]
C  [ntdll.dll+0xa221f]
C  [ntdll.dll+0x514b4]
C  [ntdll.dll+0xa0d2e]
C  0x000002558000112d

VM_Operation (0x0000005fc34fcd70): CollectForMetadataAllocation, mode: safepoint, requested by thread 0x00000255930c0800


---------------  P R O C E S S  ---------------

Threads class SMR info:
_java_thread_list=0x00000255922eca30, length=15, elements={
0x00000255f289a000, 0x00000255911c5800, 0x00000255911cf800, 0x0000025591a42800,
0x00000255911de000, 0x00000255911e3000, 0x00000255911e6800, 0x00000255911f4800,
0x0000025591b66800, 0x0000025591f5d800, 0x000002559211e800, 0x000002559211d000,
0x00000255930b5800, 0x00000255930df800, 0x00000255930c0800
}

Java Threads: ( => current thread )
  0x00000255f289a000 JavaThread "main" [_thread_blocked, id=11348, stack(0x0000005fc1b00000,0x0000005fc1c00000)]
  0x00000255911c5800 JavaThread "Reference Handler" daemon [_thread_blocked, id=10412, stack(0x0000005fc2200000,0x0000005fc2300000)]
  0x00000255911cf800 JavaThread "Finalizer" daemon [_thread_blocked, id=11360, stack(0x0000005fc2300000,0x0000005fc2400000)]
  0x0000025591a42800 JavaThread "Signal Dispatcher" daemon [_thread_blocked, id=4172, stack(0x0000005fc2400000,0x0000005fc2500000)]
  0x00000255911de000 JavaThread "Attach Listener" daemon [_thread_blocked, id=11656, stack(0x0000005fc2500000,0x0000005fc2600000)]
  0x00000255911e3000 JavaThread "Service Thread" daemon [_thread_blocked, id=9868, stack(0x0000005fc2600000,0x0000005fc2700000)]
  0x00000255911e6800 JavaThread "C1 CompilerThread0" daemon [_thread_blocked, id=3580, stack(0x0000005fc2700000,0x0000005fc2800000)]
  0x00000255911f4800 JavaThread "Sweeper thread" daemon [_thread_blocked, id=5740, stack(0x0000005fc2800000,0x0000005fc2900000)]
  0x0000025591b66800 JavaThread "Common-Cleaner" daemon [_thread_blocked, id=10324, stack(0x0000005fc2900000,0x0000005fc2a00000)]
  0x0000025591f5d800 JavaThread "Monitor Ctrl-Break" daemon [_thread_in_native, id=5140, stack(0x0000005fc2a00000,0x0000005fc2b00000)]
  0x000002559211e800 JavaThread "RMI TCP Accept-0" daemon [_thread_in_native, id=5816, stack(0x0000005fc2b00000,0x0000005fc2c00000)]
  0x000002559211d000 JavaThread "RMI TCP Connection(1)-10.0.0.76" daemon [_thread_in_native, id=11236, stack(0x0000005fc3000000,0x0000005fc3100000)]
  0x00000255930b5800 JavaThread "RMI Scheduler(0)" daemon [_thread_blocked, id=6168, stack(0x0000005fc3100000,0x0000005fc3200000)]
  0x00000255930df800 JavaThread "Thread-0" [_thread_blocked, id=11728, stack(0x0000005fc3300000,0x0000005fc3400000)]
  0x00000255930c0800 JavaThread "restartedMain" [_thread_blocked, id=2900, stack(0x0000005fc3400000,0x0000005fc3500000)]

Other Threads:
=>0x00000255911a0800 VMThread "VM Thread" [stack: 0x0000005fc2100000,0x0000005fc2200000] [id=10480]
  0x000002559211c000 WatcherThread [stack: 0x0000005fc2c00000,0x0000005fc2d00000] [id=3036]
  0x00000255f28b2800 GCTaskThread "GC Thread#0" [stack: 0x0000005fc1c00000,0x0000005fc1d00000] [id=1340]
  0x00000255921c0000 GCTaskThread "GC Thread#1" [stack: 0x0000005fc2d00000,0x0000005fc2e00000] [id=8164]
  0x00000255922bd800 GCTaskThread "GC Thread#2" [stack: 0x0000005fc2e00000,0x0000005fc2f00000] [id=11984]
  0x0000025593114800 GCTaskThread "GC Thread#3" [stack: 0x0000005fc3200000,0x0000005fc3300000] [id=10372]
  0x00000255f28e6000 ConcurrentGCThread "G1 Main Marker" [stack: 0x0000005fc1d00000,0x0000005fc1e00000] [id=9708]
  0x00000255f28e7800 ConcurrentGCThread "G1 Conc#0" [stack: 0x0000005fc1e00000,0x0000005fc1f00000] [id=4596]
  0x00000255f2967000 ConcurrentGCThread "G1 Refine#0" [stack: 0x0000005fc1f00000,0x0000005fc2000000] [id=10924]
  0x00000255922d7800 ConcurrentGCThread "G1 Refine#1" [stack: 0x0000005fc2f00000,0x0000005fc3000000] [id=10956]
  0x0000025591010800 ConcurrentGCThread "G1 Young RemSet Sampling" [stack: 0x0000005fc2000000,0x0000005fc2100000] [id=1664]

Threads with active compile tasks:
C1 CompilerThread0     3020 1585       1       sun.reflect.generics.factory.CoreReflectionFactory::getDeclsLoader (85 bytes)

VM state:at safepoint (normal execution)

VM Mutex/Monitor currently owned by a thread:  ([mutex/lock_event])
[0x00000255f28961b0] Threads_lock - owner thread: 0x00000255911a0800
[0x00000255f2897560] Heap_lock - owner thread: 0x00000255930c0800

Heap address: 0x0000000081800000, size: 2024 MB, Compressed Oops mode: 32-bit
Narrow klass base: 0x0000000000000000, Narrow klass shift: 3
Compressed class space size: 1073741824 Address: 0x0000000100000000

Heap:
 garbage-first heap   total 131072K, used 9659K [0x0000000081800000, 0x0000000100000000)
  region size 1024K, 3 young (3072K), 3 survivors (3072K)
 Metaspace       used 17492K, capacity 17979K, committed 18048K, reserved 1073152K
  class space    used 1895K, capacity 2119K, committed 2176K, reserved 1048576K
Heap Regions: E=young(eden), S=young(survivor), O=old, HS=humongous(starts), HC=humongous(continues), CS=collection set, F=free, A=archive, TAMS=top-at-mark-start (previous, next)
|   0|0x0000000081800000, 0x0000000081900000, 0x0000000081900000|100%|HS|  |TAMS 0x0000000081800000, 0x0000000081900000| Complete 
|   1|0x0000000081900000, 0x0000000081a00000, 0x0000000081a00000|100%| O|  |TAMS 0x0000000081900000, 0x0000000081a00000| Untracked 
|   2|0x0000000081a00000, 0x0000000081b00000, 0x0000000081b00000|100%| O|  |TAMS 0x0000000081a00000, 0x0000000081b00000| Untracked 
|   3|0x0000000081b00000, 0x0000000081c00000, 0x0000000081c00000|100%| O|  |TAMS 0x0000000081b00000, 0x0000000081c00000| Untracked 
|   4|0x0000000081c00000, 0x0000000081d00000, 0x0000000081d00000|100%| O|  |TAMS 0x0000000081c00000, 0x0000000081d00000| Untracked 
|   5|0x0000000081d00000, 0x0000000081e00000, 0x0000000081e00000|100%| O|  |TAMS 0x0000000081d00000, 0x0000000081e00000| Untracked 
|   6|0x0000000081e00000, 0x0000000081f00000, 0x0000000081f00000|100%| O|  |TAMS 0x0000000081e00000, 0x0000000081f00000| Untracked 
|   7|0x0000000081f00000, 0x0000000081f5a600, 0x0000000082000000| 35%| O|  |TAMS 0x0000000081f00000, 0x0000000081f5a600| Untracked 
|   8|0x0000000082000000, 0x0000000082000000, 0x0000000082100000|  0%| F|  |TAMS 0x0000000082000000, 0x0000000082000000| Untracked 
|   9|0x0000000082100000, 0x0000000082100000, 0x0000000082200000|  0%| F|  |TAMS 0x0000000082100000, 0x0000000082100000| Untracked 
|  10|0x0000000082200000, 0x0000000082200000, 0x0000000082300000|  0%| F|  |TAMS 0x0000000082200000, 0x0000000082200000| Untracked 
|  11|0x0000000082300000, 0x0000000082300000, 0x0000000082400000|  0%| F|  |TAMS 0x0000000082300000, 0x0000000082300000| Untracked 
|  12|0x0000000082400000, 0x0000000082400000, 0x0000000082500000|  0%| F|  |TAMS 0x0000000082400000, 0x0000000082400000| Untracked 
|  13|0x0000000082500000, 0x0000000082500000, 0x0000000082600000|  0%| F|  |TAMS 0x0000000082500000, 0x0000000082500000| Untracked 
|  14|0x0000000082600000, 0x0000000082600000, 0x0000000082700000|  0%| F|  |TAMS 0x0000000082600000, 0x0000000082600000| Untracked 
|  15|0x0000000082700000, 0x0000000082700000, 0x0000000082800000|  0%| F|  |TAMS 0x0000000082700000, 0x0000000082700000| Untracked 
|  16|0x0000000082800000, 0x0000000082800000, 0x0000000082900000|  0%| F|  |TAMS 0x0000000082800000, 0x0000000082800000| Untracked 
|  17|0x0000000082900000, 0x0000000082900000, 0x0000000082a00000|  0%| F|  |TAMS 0x0000000082900000, 0x0000000082900000| Untracked 
|  18|0x0000000082a00000, 0x0000000082a00000, 0x0000000082b00000|  0%| F|  |TAMS 0x0000000082a00000, 0x0000000082a00000| Untracked 
|  19|0x0000000082b00000, 0x0000000082b00000, 0x0000000082c00000|  0%| F|  |TAMS 0x0000000082b00000, 0x0000000082b00000| Untracked 
|  20|0x0000000082c00000, 0x0000000082c00000, 0x0000000082d00000|  0%| F|  |TAMS 0x0000000082c00000, 0x0000000082c00000| Untracked 
|  21|0x0000000082d00000, 0x0000000082d00000, 0x0000000082e00000|  0%| F|  |TAMS 0x0000000082d00000, 0x0000000082d00000| Untracked 
|  22|0x0000000082e00000, 0x0000000082e00000, 0x0000000082f00000|  0%| F|  |TAMS 0x0000000082e00000, 0x0000000082e00000| Untracked 
|  23|0x0000000082f00000, 0x0000000082f00000, 0x0000000083000000|  0%| F|  |TAMS 0x0000000082f00000, 0x0000000082f00000| Untracked 
|  24|0x0000000083000000, 0x0000000083000000, 0x0000000083100000|  0%| F|  |TAMS 0x0000000083000000, 0x0000000083000000| Untracked 
|  25|0x0000000083100000, 0x0000000083100000, 0x0000000083200000|  0%| F|  |TAMS 0x0000000083100000, 0x0000000083100000| Untracked 
|  26|0x0000000083200000, 0x0000000083200000, 0x0000000083300000|  0%| F|  |TAMS 0x0000000083200000, 0x0000000083200000| Untracked 
|  27|0x0000000083300000, 0x0000000083300000, 0x0000000083400000|  0%| F|  |TAMS 0x0000000083300000, 0x0000000083300000| Untracked 
|  28|0x0000000083400000, 0x0000000083400000, 0x0000000083500000|  0%| F|  |TAMS 0x0000000083400000, 0x0000000083400000| Untracked 
|  29|0x0000000083500000, 0x0000000083500000, 0x0000000083600000|  0%| F|  |TAMS 0x0000000083500000, 0x0000000083500000| Untracked 
|  30|0x0000000083600000, 0x0000000083600000, 0x0000000083700000|  0%| F|  |TAMS 0x0000000083600000, 0x0000000083600000| Untracked 
|  31|0x0000000083700000, 0x0000000083700000, 0x0000000083800000|  0%| F|  |TAMS 0x0000000083700000, 0x0000000083700000| Untracked 
|  32|0x0000000083800000, 0x0000000083800000, 0x0000000083900000|  0%| F|  |TAMS 0x0000000083800000, 0x0000000083800000| Untracked 
|  33|0x0000000083900000, 0x0000000083900000, 0x0000000083a00000|  0%| F|  |TAMS 0x0000000083900000, 0x0000000083900000| Untracked 
|  34|0x0000000083a00000, 0x0000000083a00000, 0x0000000083b00000|  0%| F|  |TAMS 0x0000000083a00000, 0x0000000083a00000| Untracked 
|  35|0x0000000083b00000, 0x0000000083b00000, 0x0000000083c00000|  0%| F|  |TAMS 0x0000000083b00000, 0x0000000083b00000| Untracked 
|  36|0x0000000083c00000, 0x0000000083c00000, 0x0000000083d00000|  0%| F|  |TAMS 0x0000000083c00000, 0x0000000083c00000| Untracked 
|  37|0x0000000083d00000, 0x0000000083d00000, 0x0000000083e00000|  0%| F|  |TAMS 0x0000000083d00000, 0x0000000083d00000| Untracked 
|  38|0x0000000083e00000, 0x0000000083e00000, 0x0000000083f00000|  0%| F|  |TAMS 0x0000000083e00000, 0x0000000083e00000| Untracked 
|  39|0x0000000083f00000, 0x0000000083f00000, 0x0000000084000000|  0%| F|  |TAMS 0x0000000083f00000, 0x0000000083f00000| Untracked 
|  40|0x0000000084000000, 0x0000000084000000, 0x0000000084100000|  0%| F|  |TAMS 0x0000000084000000, 0x0000000084000000| Untracked 
|  41|0x0000000084100000, 0x0000000084100000, 0x0000000084200000|  0%| F|  |TAMS 0x0000000084100000, 0x0000000084100000| Untracked 
|  42|0x0000000084200000, 0x0000000084200000, 0x0000000084300000|  0%| F|  |TAMS 0x0000000084200000, 0x0000000084200000| Untracked 
|  43|0x0000000084300000, 0x0000000084300000, 0x0000000084400000|  0%| F|  |TAMS 0x0000000084300000, 0x0000000084300000| Untracked 
|  44|0x0000000084400000, 0x0000000084400000, 0x0000000084500000|  0%| F|  |TAMS 0x0000000084400000, 0x0000000084400000| Untracked 
|  45|0x0000000084500000, 0x0000000084500000, 0x0000000084600000|  0%| F|  |TAMS 0x0000000084500000, 0x0000000084500000| Untracked 
|  46|0x0000000084600000, 0x0000000084600000, 0x0000000084700000|  0%| F|  |TAMS 0x0000000084600000, 0x0000000084600000| Untracked 
|  47|0x0000000084700000, 0x0000000084700000, 0x0000000084800000|  0%| F|  |TAMS 0x0000000084700000, 0x0000000084700000| Untracked 
|  48|0x0000000084800000, 0x0000000084800000, 0x0000000084900000|  0%| F|  |TAMS 0x0000000084800000, 0x0000000084800000| Untracked 
|  49|0x0000000084900000, 0x0000000084900000, 0x0000000084a00000|  0%| F|  |TAMS 0x0000000084900000, 0x0000000084900000| Untracked 
|  50|0x0000000084a00000, 0x0000000084a00000, 0x0000000084b00000|  0%| F|  |TAMS 0x0000000084a00000, 0x0000000084a00000| Untracked 
|  51|0x0000000084b00000, 0x0000000084b00000, 0x0000000084c00000|  0%| F|  |TAMS 0x0000000084b00000, 0x0000000084b00000| Untracked 
|  52|0x0000000084c00000, 0x0000000084c00000, 0x0000000084d00000|  0%| F|  |TAMS 0x0000000084c00000, 0x0000000084c00000| Untracked 
|  53|0x0000000084d00000, 0x0000000084d00000, 0x0000000084e00000|  0%| F|  |TAMS 0x0000000084d00000, 0x0000000084d00000| Untracked 
|  54|0x0000000084e00000, 0x0000000084e00000, 0x0000000084f00000|  0%| F|  |TAMS 0x0000000084e00000, 0x0000000084e00000| Untracked 
|  55|0x0000000084f00000, 0x0000000084f00000, 0x0000000085000000|  0%| F|  |TAMS 0x0000000084f00000, 0x0000000084f00000| Untracked 
|  56|0x0000000085000000, 0x0000000085000000, 0x0000000085100000|  0%| F|  |TAMS 0x0000000085000000, 0x0000000085000000| Untracked 
|  57|0x0000000085100000, 0x0000000085100000, 0x0000000085200000|  0%| F|  |TAMS 0x0000000085100000, 0x0000000085100000| Untracked 
|  58|0x0000000085200000, 0x0000000085200000, 0x0000000085300000|  0%| F|  |TAMS 0x0000000085200000, 0x0000000085200000| Untracked 
|  59|0x0000000085300000, 0x0000000085300000, 0x0000000085400000|  0%| F|  |TAMS 0x0000000085300000, 0x0000000085300000| Untracked 
|  60|0x0000000085400000, 0x0000000085400000, 0x0000000085500000|  0%| F|  |TAMS 0x0000000085400000, 0x0000000085400000| Untracked 
|  61|0x0000000085500000, 0x0000000085500000, 0x0000000085600000|  0%| F|  |TAMS 0x0000000085500000, 0x0000000085500000| Untracked 
|  62|0x0000000085600000, 0x0000000085600000, 0x0000000085700000|  0%| F|  |TAMS 0x0000000085600000, 0x0000000085600000| Untracked 
|  63|0x0000000085700000, 0x0000000085700000, 0x0000000085800000|  0%| F|  |TAMS 0x0000000085700000, 0x0000000085700000| Untracked 
|  64|0x0000000085800000, 0x0000000085800000, 0x0000000085900000|  0%| F|  |TAMS 0x0000000085800000, 0x0000000085800000| Untracked 
|  65|0x0000000085900000, 0x0000000085900000, 0x0000000085a00000|  0%| F|  |TAMS 0x0000000085900000, 0x0000000085900000| Untracked 
|  66|0x0000000085a00000, 0x0000000085a00000, 0x0000000085b00000|  0%| F|  |TAMS 0x0000000085a00000, 0x0000000085a00000| Untracked 
|  67|0x0000000085b00000, 0x0000000085b00000, 0x0000000085c00000|  0%| F|  |TAMS 0x0000000085b00000, 0x0000000085b00000| Untracked 
|  68|0x0000000085c00000, 0x0000000085c00000, 0x0000000085d00000|  0%| F|  |TAMS 0x0000000085c00000, 0x0000000085c00000| Untracked 
|  69|0x0000000085d00000, 0x0000000085d00000, 0x0000000085e00000|  0%| F|  |TAMS 0x0000000085d00000, 0x0000000085d00000| Untracked 
|  70|0x0000000085e00000, 0x0000000085e00000, 0x0000000085f00000|  0%| F|  |TAMS 0x0000000085e00000, 0x0000000085e00000| Untracked 
|  71|0x0000000085f00000, 0x0000000085f00000, 0x0000000086000000|  0%| F|  |TAMS 0x0000000085f00000, 0x0000000085f00000| Untracked 
|  72|0x0000000086000000, 0x0000000086000000, 0x0000000086100000|  0%| F|  |TAMS 0x0000000086000000, 0x0000000086000000| Untracked 
|  73|0x0000000086100000, 0x0000000086100000, 0x0000000086200000|  0%| F|  |TAMS 0x0000000086100000, 0x0000000086100000| Untracked 
|  74|0x0000000086200000, 0x0000000086200000, 0x0000000086300000|  0%| F|  |TAMS 0x0000000086200000, 0x0000000086200000| Untracked 
|  75|0x0000000086300000, 0x0000000086300000, 0x0000000086400000|  0%| F|  |TAMS 0x0000000086300000, 0x0000000086300000| Untracked 
|  76|0x0000000086400000, 0x0000000086400000, 0x0000000086500000|  0%| F|  |TAMS 0x0000000086400000, 0x0000000086400000| Untracked 
|  77|0x0000000086500000, 0x0000000086500000, 0x0000000086600000|  0%| F|  |TAMS 0x0000000086500000, 0x0000000086500000| Untracked 
|  78|0x0000000086600000, 0x0000000086600000, 0x0000000086700000|  0%| F|  |TAMS 0x0000000086600000, 0x0000000086600000| Untracked 
|  79|0x0000000086700000, 0x0000000086700000, 0x0000000086800000|  0%| F|  |TAMS 0x0000000086700000, 0x0000000086700000| Untracked 
|  80|0x0000000086800000, 0x0000000086800000, 0x0000000086900000|  0%| F|  |TAMS 0x0000000086800000, 0x0000000086800000| Untracked 
|  81|0x0000000086900000, 0x0000000086900000, 0x0000000086a00000|  0%| F|  |TAMS 0x0000000086900000, 0x0000000086900000| Untracked 
|  82|0x0000000086a00000, 0x0000000086a00000, 0x0000000086b00000|  0%| F|  |TAMS 0x0000000086a00000, 0x0000000086a00000| Untracked 
|  83|0x0000000086b00000, 0x0000000086b00000, 0x0000000086c00000|  0%| F|  |TAMS 0x0000000086b00000, 0x0000000086b00000| Untracked 
|  84|0x0000000086c00000, 0x0000000086c00000, 0x0000000086d00000|  0%| F|  |TAMS 0x0000000086c00000, 0x0000000086c00000| Untracked 
|  85|0x0000000086d00000, 0x0000000086d00000, 0x0000000086e00000|  0%| F|  |TAMS 0x0000000086d00000, 0x0000000086d00000| Untracked 
|  86|0x0000000086e00000, 0x0000000086e00000, 0x0000000086f00000|  0%| F|  |TAMS 0x0000000086e00000, 0x0000000086e00000| Untracked 
|  87|0x0000000086f00000, 0x0000000086f00000, 0x0000000087000000|  0%| F|  |TAMS 0x0000000086f00000, 0x0000000086f00000| Untracked 
|  88|0x0000000087000000, 0x0000000087000000, 0x0000000087100000|  0%| F|  |TAMS 0x0000000087000000, 0x0000000087000000| Untracked 
|  89|0x0000000087100000, 0x0000000087100000, 0x0000000087200000|  0%| F|  |TAMS 0x0000000087100000, 0x0000000087100000| Untracked 
|  90|0x0000000087200000, 0x0000000087200000, 0x0000000087300000|  0%| F|  |TAMS 0x0000000087200000, 0x0000000087200000| Untracked 
|  91|0x0000000087300000, 0x0000000087300000, 0x0000000087400000|  0%| F|  |TAMS 0x0000000087300000, 0x0000000087300000| Untracked 
|  92|0x0000000087400000, 0x0000000087400000, 0x0000000087500000|  0%| F|  |TAMS 0x0000000087400000, 0x0000000087400000| Untracked 
|  93|0x0000000087500000, 0x0000000087500000, 0x0000000087600000|  0%| F|  |TAMS 0x0000000087500000, 0x0000000087500000| Untracked 
|  94|0x0000000087600000, 0x0000000087600000, 0x0000000087700000|  0%| F|  |TAMS 0x0000000087600000, 0x0000000087600000| Untracked 
|  95|0x0000000087700000, 0x0000000087700000, 0x0000000087800000|  0%| F|  |TAMS 0x0000000087700000, 0x0000000087700000| Untracked 
|  96|0x0000000087800000, 0x0000000087800000, 0x0000000087900000|  0%| F|  |TAMS 0x0000000087800000, 0x0000000087800000| Untracked 
|  97|0x0000000087900000, 0x0000000087900000, 0x0000000087a00000|  0%| F|  |TAMS 0x0000000087900000, 0x0000000087900000| Untracked 
|  98|0x0000000087a00000, 0x0000000087a00000, 0x0000000087b00000|  0%| F|  |TAMS 0x0000000087a00000, 0x0000000087a00000| Untracked 
|  99|0x0000000087b00000, 0x0000000087b00000, 0x0000000087c00000|  0%| F|  |TAMS 0x0000000087b00000, 0x0000000087b00000| Untracked 
| 100|0x0000000087c00000, 0x0000000087c00000, 0x0000000087d00000|  0%| F|  |TAMS 0x0000000087c00000, 0x0000000087c00000| Untracked 
| 101|0x0000000087d00000, 0x0000000087d00000, 0x0000000087e00000|  0%| F|  |TAMS 0x0000000087d00000, 0x0000000087d00000| Untracked 
| 102|0x0000000087e00000, 0x0000000087e00000, 0x0000000087f00000|  0%| F|  |TAMS 0x0000000087e00000, 0x0000000087e00000| Untracked 
| 103|0x0000000087f00000, 0x0000000087f00000, 0x0000000088000000|  0%| F|  |TAMS 0x0000000087f00000, 0x0000000087f00000| Untracked 
| 104|0x0000000088000000, 0x0000000088000000, 0x0000000088100000|  0%| F|  |TAMS 0x0000000088000000, 0x0000000088000000| Untracked 
| 105|0x0000000088100000, 0x0000000088100000, 0x0000000088200000|  0%| F|  |TAMS 0x0000000088100000, 0x0000000088100000| Untracked 
| 106|0x0000000088200000, 0x0000000088200000, 0x0000000088300000|  0%| F|  |TAMS 0x0000000088200000, 0x0000000088200000| Untracked 
| 107|0x0000000088300000, 0x0000000088300000, 0x0000000088400000|  0%| F|  |TAMS 0x0000000088300000, 0x0000000088300000| Untracked 
| 108|0x0000000088400000, 0x0000000088400000, 0x0000000088500000|  0%| F|  |TAMS 0x0000000088400000, 0x0000000088400000| Untracked 
| 109|0x0000000088500000, 0x0000000088500000, 0x0000000088600000|  0%| F|  |TAMS 0x0000000088500000, 0x0000000088500000| Untracked 
| 110|0x0000000088600000, 0x0000000088600000, 0x0000000088700000|  0%| F|  |TAMS 0x0000000088600000, 0x0000000088600000| Untracked 
| 111|0x0000000088700000, 0x0000000088700000, 0x0000000088800000|  0%| F|  |TAMS 0x0000000088700000, 0x0000000088700000| Untracked 
| 112|0x0000000088800000, 0x0000000088800000, 0x0000000088900000|  0%| F|  |TAMS 0x0000000088800000, 0x0000000088800000| Untracked 
| 113|0x0000000088900000, 0x0000000088900000, 0x0000000088a00000|  0%| F|  |TAMS 0x0000000088900000, 0x0000000088900000| Untracked 
| 114|0x0000000088a00000, 0x0000000088a00000, 0x0000000088b00000|  0%| F|  |TAMS 0x0000000088a00000, 0x0000000088a00000| Untracked 
| 115|0x0000000088b00000, 0x0000000088b00000, 0x0000000088c00000|  0%| F|  |TAMS 0x0000000088b00000, 0x0000000088b00000| Untracked 
| 116|0x0000000088c00000, 0x0000000088c00000, 0x0000000088d00000|  0%| F|  |TAMS 0x0000000088c00000, 0x0000000088c00000| Untracked 
| 117|0x0000000088d00000, 0x0000000088d00000, 0x0000000088e00000|  0%| F|  |TAMS 0x0000000088d00000, 0x0000000088d00000| Untracked 
| 118|0x0000000088e00000, 0x0000000088e00000, 0x0000000088f00000|  0%| F|  |TAMS 0x0000000088e00000, 0x0000000088e00000| Untracked 
| 119|0x0000000088f00000, 0x0000000088f00000, 0x0000000089000000|  0%| F|  |TAMS 0x0000000088f00000, 0x0000000088f00000| Untracked 
| 120|0x0000000089000000, 0x0000000089000000, 0x0000000089100000|  0%| F|  |TAMS 0x0000000089000000, 0x0000000089000000| Untracked 
| 121|0x0000000089100000, 0x0000000089100000, 0x0000000089200000|  0%| F|  |TAMS 0x0000000089100000, 0x0000000089100000| Untracked 
| 122|0x0000000089200000, 0x0000000089200000, 0x0000000089300000|  0%| F|  |TAMS 0x0000000089200000, 0x0000000089200000| Untracked 
| 123|0x0000000089300000, 0x0000000089314710, 0x0000000089400000|  7%| S|CS|TAMS 0x0000000089300000, 0x0000000089300000| Complete 
| 124|0x0000000089400000, 0x0000000089500000, 0x0000000089500000|100%| S|CS|TAMS 0x0000000089400000, 0x0000000089400000| Complete 
| 125|0x0000000089500000, 0x0000000089600000, 0x0000000089600000|100%| S|CS|TAMS 0x0000000089500000, 0x0000000089500000| Complete 
| 126|0x0000000089600000, 0x0000000089600000, 0x0000000089700000|  0%| F|  |TAMS 0x0000000089600000, 0x0000000089600000| Untracked 
| 127|0x0000000089700000, 0x0000000089700000, 0x0000000089800000|  0%| F|  |TAMS 0x0000000089700000, 0x0000000089700000| Untracked 

Card table byte_map: [0x00000255fb410000,0x00000255fb810000] _byte_map_base: 0x00000255fb004000

Marking Bits (Prev, Next): (CMBitMap*) 0x00000255f28dd198, (CMBitMap*) 0x00000255f28dd1d0
 Prev Bits: [0x00000255fbc10000, 0x00000255fdbb0000)
 Next Bits: [0x00000255fdbb0000, 0x00000255ffb50000)

Polling page: 0x00000255f0780000

Metaspace:

Usage:
  Non-class:     15.49 MB capacity,    15.23 MB ( 98%) used,   210.39 KB (  1%) free+waste,    52.44 KB ( <1%) overhead. 
      Class:      2.07 MB capacity,     1.85 MB ( 89%) used,   196.79 KB (  9%) free+waste,    26.50 KB (  1%) overhead. 
       Both:     17.56 MB capacity,    17.08 MB ( 97%) used,   407.18 KB (  2%) free+waste,    78.94 KB ( <1%) overhead. 

Virtual space:
  Non-class space:       24.00 MB reserved,      15.50 MB ( 65%) committed 
      Class space:        1.00 GB reserved,       2.13 MB ( <1%) committed 
             Both:        1.02 GB reserved,      17.63 MB (  2%) committed 

Chunk freelists:
   Non-Class:  12.00 KB
       Class:  25.00 KB
        Both:  37.00 KB

MaxMetaspaceSize: 17179869184.00 GB
CompressedClassSpaceSize: 1.00 GB
Initial GC threshold: 20.80 MB
Current GC threshold: 21.12 MB
CDS: off

CodeHeap 'non-profiled nmethods': size=238912Kb used=2289Kb max_used=2289Kb free=236623Kb
 bounds [0x00000255806b0000, 0x0000025580920000, 0x000002558f000000]
CodeHeap 'non-nmethods': size=6848Kb used=1192Kb max_used=1192Kb free=5656Kb
 bounds [0x0000025580000000, 0x0000025580270000, 0x00000255806b0000]
 total_blobs=2050 nmethods=1587 adapters=390
 compilation: enabled
              stopped_count=0, restarted_count=0
 full_count=0

Compilation events (20 events):
Event: 2.958 Thread 0x00000255911e6800 nmethod 1577 0x00000255808e9a10 code [0x00000255808e9bc0, 0x00000255808e9c78]
Event: 2.958 Thread 0x00000255911e6800 1578       1       java.lang.Byte::hashCode (2 bytes)
Event: 2.958 Thread 0x00000255911e6800 nmethod 1578 0x00000255808e9d10 code [0x00000255808e9ec0, 0x00000255808e9f58]
Event: 2.958 Thread 0x00000255911e6800 1579       1       java.lang.invoke.InnerClassLambdaMetafactory::getLoadOpcode (25 bytes)
Event: 2.958 Thread 0x00000255911e6800 nmethod 1579 0x00000255808ea010 code [0x00000255808ea1e0, 0x00000255808ea358]
Event: 2.958 Thread 0x00000255911e6800 1582       1       java.util.Objects::hashCode (13 bytes)
Event: 2.958 Thread 0x00000255911e6800 nmethod 1582 0x00000255808ea410 code [0x00000255808ea5c0, 0x00000255808ea6a8]
Event: 2.958 Thread 0x00000255911e6800 1580       1       java.lang.invoke.InnerClassLambdaMetafactory::getParameterSize (27 bytes)
Event: 2.958 Thread 0x00000255911e6800 nmethod 1580 0x00000255808ea710 code [0x00000255808ea8c0, 0x00000255808ea9b8]
Event: 2.958 Thread 0x00000255911e6800 1583       1       org.springframework.util.ConcurrentReferenceHashMap$Entry::getValue (5 bytes)
Event: 2.958 Thread 0x00000255911e6800 nmethod 1583 0x00000255808eaa10 code [0x00000255808eabc0, 0x00000255808eac78]
Event: 2.959 Thread 0x00000255911e6800 1584   !   1       sun.reflect.generics.factory.CoreReflectionFactory::makeNamedType (21 bytes)
Event: 2.959 Thread 0x00000255911e6800 nmethod 1584 0x00000255808ead10 code [0x00000255808eaee0, 0x00000255808eb068]
Event: 2.959 Thread 0x00000255911e6800 1586       1       org.springframework.core.ResolvableType::forType (7 bytes)
Event: 2.959 Thread 0x00000255911e6800 nmethod 1586 0x00000255808eb190 code [0x00000255808eb340, 0x00000255808eb408]
Event: 2.959 Thread 0x00000255911e6800 1587       1       org.springframework.core.ResolvableType::forType (115 bytes)
Event: 2.960 Thread 0x00000255911e6800 nmethod 1587 0x00000255808eb490 code [0x00000255808eb6c0, 0x00000255808ebbc8]
Event: 2.960 Thread 0x00000255911e6800 1588       1       org.springframework.core.ResolvableType::resolveClass (73 bytes)
Event: 2.961 Thread 0x00000255911e6800 nmethod 1588 0x00000255808ebe90 code [0x00000255808ec080, 0x00000255808ec2e8]
Event: 2.961 Thread 0x00000255911e6800 1585       1       sun.reflect.generics.factory.CoreReflectionFactory::getDeclsLoader (85 bytes)

GC Heap History (8 events):
Event: 1.982 GC heap before
{Heap before GC invocations=0 (full 0):
 garbage-first heap   total 131072K, used 14336K [0x0000000081800000, 0x0000000100000000)
  region size 1024K, 14 young (14336K), 0 survivors (0K)
 Metaspace       used 12125K, capacity 12371K, committed 12672K, reserved 1060864K
  class space    used 1231K, capacity 1337K, committed 1408K, reserved 1048576K
}
Event: 1.993 GC heap after
{Heap after GC invocations=1 (full 0):
 garbage-first heap   total 131072K, used 7228K [0x0000000081800000, 0x0000000100000000)
  region size 1024K, 2 young (2048K), 2 survivors (2048K)
 Metaspace       used 12125K, capacity 12371K, committed 12672K, reserved 1060864K
  class space    used 1231K, capacity 1337K, committed 1408K, reserved 1048576K
}
Event: 2.297 GC heap before
{Heap before GC invocations=1 (full 0):
 garbage-first heap   total 131072K, used 13372K [0x0000000081800000, 0x0000000100000000)
  region size 1024K, 8 young (8192K), 2 survivors (2048K)
 Metaspace       used 14110K, capacity 14420K, committed 14720K, reserved 1062912K
  class space    used 1427K, capacity 1551K, committed 1664K, reserved 1048576K
}
Event: 2.306 GC heap after
{Heap after GC invocations=2 (full 0):
 garbage-first heap   total 131072K, used 8553K [0x0000000081800000, 0x0000000100000000)
  region size 1024K, 1 young (1024K), 1 survivors (1024K)
 Metaspace       used 14110K, capacity 14420K, committed 14720K, reserved 1062912K
  class space    used 1427K, capacity 1551K, committed 1664K, reserved 1048576K
}
Event: 2.893 GC heap before
{Heap before GC invocations=2 (full 0):
 garbage-first heap   total 131072K, used 28009K [0x0000000081800000, 0x0000000100000000)
  region size 1024K, 20 young (20480K), 1 survivors (1024K)
 Metaspace       used 16956K, capacity 17458K, committed 17792K, reserved 1064960K
  class space    used 1834K, capacity 2051K, committed 2176K, reserved 1048576K
}
Event: 2.900 GC heap after
{Heap after GC invocations=3 (full 0):
 garbage-first heap   total 131072K, used 9559K [0x0000000081800000, 0x0000000100000000)
  region size 1024K, 2 young (2048K), 2 survivors (2048K)
 Metaspace       used 16956K, capacity 17458K, committed 17792K, reserved 1064960K
  class space    used 1834K, capacity 2051K, committed 2176K, reserved 1048576K
}
Event: 2.961 GC heap before
{Heap before GC invocations=3 (full 0):
 garbage-first heap   total 131072K, used 10583K [0x0000000081800000, 0x0000000100000000)
  region size 1024K, 4 young (4096K), 2 survivors (2048K)
 Metaspace       used 17492K, capacity 17979K, committed 18048K, reserved 1071104K
  class space    used 1895K, capacity 2119K, committed 2176K, reserved 1048576K
}
Event: 2.967 GC heap after
{Heap after GC invocations=4 (full 0):
 garbage-first heap   total 131072K, used 9659K [0x0000000081800000, 0x0000000100000000)
  region size 1024K, 3 young (3072K), 3 survivors (3072K)
 Metaspace       used 17492K, capacity 17979K, committed 18048K, reserved 1071104K
  class space    used 1895K, capacity 2119K, committed 2176K, reserved 1048576K
}

Deoptimization events (0 events):
No events

Classes redefined (0 events):
No events

Internal exceptions (20 events):
Event: 2.315 Thread 0x00000255f289a000 Exception <a 'java/lang/NoSuchMethodError'{0x000000008974fcf0}: 'int java.lang.invoke.DirectMethodHandle$Holder.invokeStaticInit(java.lang.Object, java.lang.Object)'> (0x000000008974fcf0) thrown at [s\src\hotspot\share\interpreter\linkResolver.cpp, line 773]
Event: 2.422 Thread 0x00000255f289a000 Exception <a 'java/lang/NoSuchMethodError'{0x00000000894bd178}: 'int java.lang.invoke.DirectMethodHandle$Holder.invokeStaticInit(java.lang.Object, java.lang.Object, java.lang.Object)'> (0x00000000894bd178) thrown at [s\src\hotspot\share\interpreter\linkResolver.cpp, line 773]
Event: 2.442 Thread 0x00000255f289a000 Exception <a 'java/lang/NoSuchMethodError'{0x00000000893578c0}: 'void java.lang.invoke.DirectMethodHandle$Holder.invokeSpecial(java.lang.Object, java.lang.Object)'> (0x00000000893578c0) thrown at [s\src\hotspot\share\interpreter\linkResolver.cpp, line 773]
Event: 2.548 Thread 0x000002559211d000 Exception <a 'java/lang/NoSuchMethodError'{0x0000000088f193f0}: 'java.lang.Object java.lang.invoke.DirectMethodHandle$Holder.invokeStatic(java.lang.Object, java.lang.Object, java.lang.Object, java.lang.Object, java.lang.Object, java.lang.Object, java.lang.Object, java.lang.Object, java.lang.Object, java.lang.Object, java.lang.Object, java.lang.Object, java.lang.Object, int)'> (0x0000000088f193f0) thrown at [s\src\hotspot\share\interpreter\linkResolver.cpp, line 773]
Event: 2.552 Thread 0x000002559211d000 Exception <a 'java/lang/NoSuchMethodError'{0x0000000088f25db8}: 'java.lang.Object java.lang.invoke.DirectMethodHandle$Holder.invokeStatic(java.lang.Object, java.lang.Object, java.lang.Object, java.lang.Object, java.lang.Object, java.lang.Object, java.lang.Object, java.lang.Object, java.lang.Object, java.lang.Object, java.lang.Object, java.lang.Object, java.lang.Object, int, int)'> (0x0000000088f25db8) thrown at [s\src\hotspot\share\interpreter\linkResolver.cpp, line 773]
Event: 2.557 Thread 0x000002559211d000 Exception <a 'java/lang/NoSuchMethodError'{0x0000000088f99688}: 'java.lang.Object java.lang.invoke.DelegatingMethodHandle$Holder.reinvoke_L(java.lang.Object, int, java.lang.Object)'> (0x0000000088f99688) thrown at [s\src\hotspot\share\interpreter\linkResolver.cpp, line 773]
Event: 2.603 Thread 0x000002559211d000 Exception <a 'java/lang/NoSuchMethodError'{0x0000000088d06858}: <clinit>> (0x0000000088d06858) thrown at [s\src\hotspot\share\prims\jni.cpp, line 1367]
Event: 2.625 Thread 0x000002559211d000 Exception <a 'java/lang/ClassNotFoundException'{0x0000000088cbdda0}: javax/management/remote/rmi/RMIConnectionImpl_Skel> (0x0000000088cbdda0) thrown at [s\src\hotspot\share\classfile\systemDictionary.cpp, line 230]
Event: 2.629 Thread 0x0000025592311800 Exception <a 'java/lang/NoSuchMethodError'{0x0000000088ce74d8}: 'java.lang.Object java.lang.invoke.Invokers$Holder.linkToTargetMethod(java.lang.Object, long, java.lang.Object)'> (0x0000000088ce74d8) thrown at [s\src\hotspot\share\interpreter\linkResolver.cpp, line 773]
Event: 2.644 Thread 0x000002559211d000 Exception <a 'java/lang/reflect/InvocationTargetException'{0x0000000088b0f088}> (0x0000000088b0f088) thrown at [s\src\hotspot\share\runtime\reflection.cpp, line 1245]
Event: 2.657 Thread 0x000002559211d000 Exception <a 'java/lang/NoSuchMethodError'{0x0000000088bc85a0}: <clinit>> (0x0000000088bc85a0) thrown at [s\src\hotspot\share\prims\jni.cpp, line 1367]
Event: 2.659 Thread 0x00000255930df800 Exception <a 'java/lang/NoSuchMethodError'{0x0000000088be61b0}: 'org.slf4j.impl.StaticMDCBinder org.slf4j.impl.StaticMDCBinder.getSingleton()'> (0x0000000088be61b0) thrown at [s\src\hotspot\share\interpreter\linkResolver.cpp, line 773]
Event: 2.730 Thread 0x00000255930c0800 Exception <a 'java/lang/NoSuchMethodError'{0x00000000888579c0}: 'java.lang.Object java.lang.invoke.DirectMethodHandle$Holder.invokeInterface(java.lang.Object, java.lang.Object, java.lang.Object)'> (0x00000000888579c0) thrown at [s\src\hotspot\share\interpreter\linkResolver.cpp, line 773]
Event: 2.730 Thread 0x00000255930c0800 Exception <a 'java/lang/IncompatibleClassChangeError'{0x000000008885a6a0}: Found class java.lang.Object, but interface was expected> (0x000000008885a6a0) thrown at [s\src\hotspot\share\interpreter\linkResolver.cpp, line 839]
Event: 2.773 Thread 0x00000255930c0800 Exception <a 'java/lang/NoSuchMethodError'{0x0000000088791780}: 'java.lang.Object java.lang.invoke.DirectMethodHandle$Holder.invokeStatic(java.lang.Object, java.lang.Object, java.lang.Object, java.lang.Object, java.lang.Object, java.lang.Object, java.lang.Object, java.lang.Object, java.lang.Object, java.lang.Object, java.lang.Object, java.lang.Object, java.lang.Object, java.lang.Object, java.lang.Object)'> (0x0000000088791780) thrown at [s\src\hotspot\share\interpreter\linkResolver.cpp, line 773]
Event: 2.778 Thread 0x00000255930c0800 Exception <a 'java/lang/NoSuchMethodError'{0x00000000887a2910}: 'java.lang.Object java.lang.invoke.DirectMethodHandle$Holder.invokeStatic(java.lang.Object, java.lang.Object, java.lang.Object, java.lang.Object, java.lang.Object, java.lang.Object, java.lang.Object, java.lang.Object, java.lang.Object, java.lang.Object, java.lang.Object, java.lang.Object, java.lang.Object, java.lang.Object, java.lang.Object, java.lang.Object)'> (0x00000000887a2910) thrown at [s\src\hotspot\share\interpreter\linkResolver.cpp, l
Event: 2.780 Thread 0x00000255930c0800 Exception <a 'java/lang/NoSuchMethodError'{0x00000000887b0a88}: 'java.lang.Object java.lang.invoke.DirectMethodHandle$Holder.invokeSpecial(java.lang.Object, java.lang.Object, int, int, java.lang.Object, java.lang.Object, java.lang.Object, java.lang.Object)'> (0x00000000887b0a88) thrown at [s\src\hotspot\share\interpreter\linkResolver.cpp, line 773]
Event: 2.781 Thread 0x00000255930c0800 Exception <a 'java/lang/NoSuchMethodError'{0x00000000887b41c0}: 'java.lang.Object java.lang.invoke.DelegatingMethodHandle$Holder.reinvoke_L(java.lang.Object, int, int, java.lang.Object, java.lang.Object, java.lang.Object, java.lang.Object)'> (0x00000000887b41c0) thrown at [s\src\hotspot\share\interpreter\linkResolver.cpp, line 773]
Event: 2.783 Thread 0x00000255930c0800 Exception <a 'java/lang/NoSuchMethodError'{0x00000000887c2b78}: 'java.lang.Object java.lang.invoke.DirectMethodHandle$Holder.invokeStatic(java.lang.Object, java.lang.Object, java.lang.Object, java.lang.Object, java.lang.Object, java.lang.Object, int)'> (0x00000000887c2b78) thrown at [s\src\hotspot\share\interpreter\linkResolver.cpp, line 773]
Event: 2.804 Thread 0x00000255930c0800 Exception <a 'java/io/FileNotFoundException'{0x000000008864eeb8}> (0x000000008864eeb8) thrown at [s\src\hotspot\share\prims\jni.cpp, line 617]

Events (20 events):
Event: 2.952 loading class org/springframework/format/datetime/standard/TemporalAccessorParser
Event: 2.952 loading class org/springframework/format/datetime/standard/TemporalAccessorParser done
Event: 2.953 loading class org/springframework/format/Parser
Event: 2.953 loading class org/springframework/format/Parser done
Event: 2.953 loading class org/springframework/format/support/FormattingConversionService$PrinterConverter
Event: 2.953 loading class org/springframework/format/support/FormattingConversionService$PrinterConverter done
Event: 2.954 loading class org/springframework/format/support/FormattingConversionService$ParserConverter
Event: 2.954 loading class org/springframework/format/support/FormattingConversionService$ParserConverter done
Event: 2.955 loading class java/time/OffsetTime
Event: 2.956 loading class java/time/OffsetTime done
Event: 2.956 loading class org/springframework/format/datetime/standard/InstantFormatter
Event: 2.956 loading class org/springframework/format/datetime/standard/InstantFormatter done
Event: 2.956 loading class org/springframework/format/Formatter
Event: 2.956 loading class org/springframework/format/Formatter done
Event: 2.958 loading class org/springframework/format/datetime/standard/PeriodFormatter
Event: 2.958 loading class org/springframework/format/datetime/standard/PeriodFormatter done
Event: 2.959 loading class org/springframework/format/datetime/standard/DurationFormatter
Event: 2.959 loading class org/springframework/format/datetime/standard/DurationFormatter done
Event: 2.961 loading class java/time/Year
Event: 2.961 Executing VM operation: CollectForMetadataAllocation


Dynamic libraries:
0x00007ff66a860000 - 0x00007ff66a86d000 	C:\Users\Admin\.jdks\corretto-11.0.20.1\bin\java.exe
0x00007ffda3470000 - 0x00007ffda3668000 	C:\WINDOWS\SYSTEM32\ntdll.dll
0x00007ffda2bf0000 - 0x00007ffda2cad000 	C:\WINDOWS\System32\KERNEL32.DLL
0x00007ffda0cf0000 - 0x00007ffda0fe6000 	C:\WINDOWS\System32\KERNELBASE.dll
0x00007ffda0bc0000 - 0x00007ffda0cc0000 	C:\WINDOWS\System32\ucrtbase.dll
0x00007ffd9c5a0000 - 0x00007ffd9c5b9000 	C:\Users\Admin\.jdks\corretto-11.0.20.1\bin\VCRUNTIME140.dll
0x00007ffd9c580000 - 0x00007ffd9c597000 	C:\Users\Admin\.jdks\corretto-11.0.20.1\bin\jli.dll
0x00007ffda2d80000 - 0x00007ffda2f1e000 	C:\WINDOWS\System32\USER32.dll
0x00007ffda0cc0000 - 0x00007ffda0ce2000 	C:\WINDOWS\System32\win32u.dll
0x00007ffd945f0000 - 0x00007ffd9488a000 	C:\WINDOWS\WinSxS\amd64_microsoft.windows.common-controls_6595b64144ccf1df_6.0.19041.1110_none_60b5254171f9507e\COMCTL32.dll
0x00007ffda14d0000 - 0x00007ffda14fc000 	C:\WINDOWS\System32\GDI32.dll
0x00007ffda1b10000 - 0x00007ffda1bae000 	C:\WINDOWS\System32\msvcrt.dll
0x00007ffda1130000 - 0x00007ffda124a000 	C:\WINDOWS\System32\gdi32full.dll
0x00007ffda12d0000 - 0x00007ffda136d000 	C:\WINDOWS\System32\msvcp_win.dll
0x00007ffda2fe0000 - 0x00007ffda3010000 	C:\WINDOWS\System32\IMM32.DLL
0x00007ffd95360000 - 0x00007ffd953fb000 	C:\Users\Admin\.jdks\corretto-11.0.20.1\bin\msvcp140.dll
0x00007ffd60540000 - 0x00007ffd610cb000 	C:\Users\Admin\.jdks\corretto-11.0.20.1\bin\server\jvm.dll
0x00007ffda2f30000 - 0x00007ffda2fde000 	C:\WINDOWS\System32\ADVAPI32.dll
0x00007ffda1ee0000 - 0x00007ffda1f7c000 	C:\WINDOWS\System32\sechost.dll
0x00007ffda31c0000 - 0x00007ffda32e6000 	C:\WINDOWS\System32\RPCRT4.dll
0x00007ffda15b0000 - 0x00007ffda15b8000 	C:\WINDOWS\System32\PSAPI.DLL
0x00007ffd91c60000 - 0x00007ffd91c69000 	C:\WINDOWS\SYSTEM32\WSOCK32.dll
0x00007ffd95710000 - 0x00007ffd95737000 	C:\WINDOWS\SYSTEM32\WINMM.dll
0x00007ffd93760000 - 0x00007ffd9376a000 	C:\WINDOWS\SYSTEM32\VERSION.dll
0x00007ffda20d0000 - 0x00007ffda213b000 	C:\WINDOWS\System32\WS2_32.dll
0x00007ffd9e9e0000 - 0x00007ffd9e9f2000 	C:\WINDOWS\SYSTEM32\kernel.appcore.dll
0x00007ffd9c570000 - 0x00007ffd9c580000 	C:\Users\Admin\.jdks\corretto-11.0.20.1\bin\verify.dll
0x00007ffd8a140000 - 0x00007ffd8a324000 	C:\WINDOWS\SYSTEM32\DBGHELP.DLL
0x00007ffd896c0000 - 0x00007ffd896f4000 	C:\WINDOWS\SYSTEM32\dbgcore.DLL
0x00007ffda0ff0000 - 0x00007ffda1072000 	C:\WINDOWS\System32\bcryptPrimitives.dll
0x00007ffd9c540000 - 0x00007ffd9c568000 	C:\Users\Admin\.jdks\corretto-11.0.20.1\bin\java.dll
0x00007ffd9b9c0000 - 0x00007ffd9b9ca000 	C:\Users\Admin\.jdks\corretto-11.0.20.1\bin\jimage.dll
0x00007ffd9b330000 - 0x00007ffd9b33e000 	C:\Users\Admin\.jdks\corretto-11.0.20.1\bin\instrument.dll
0x00007ffd9b360000 - 0x00007ffd9b378000 	C:\Users\Admin\.jdks\corretto-11.0.20.1\bin\zip.dll
0x00007ffda24a0000 - 0x00007ffda2be5000 	C:\WINDOWS\System32\SHELL32.dll
0x00007ffd9ebe0000 - 0x00007ffd9f37b000 	C:\WINDOWS\SYSTEM32\windows.storage.dll
0x00007ffda2140000 - 0x00007ffda2494000 	C:\WINDOWS\System32\combase.dll
0x00007ffda04c0000 - 0x00007ffda04ee000 	C:\WINDOWS\SYSTEM32\Wldp.dll
0x00007ffda1500000 - 0x00007ffda15ad000 	C:\WINDOWS\System32\SHCORE.dll
0x00007ffda32f0000 - 0x00007ffda3345000 	C:\WINDOWS\System32\shlwapi.dll
0x00007ffda0a80000 - 0x00007ffda0aa5000 	C:\WINDOWS\SYSTEM32\profapi.dll
0x00007ffd9aab0000 - 0x00007ffd9aac9000 	C:\Users\Admin\.jdks\corretto-11.0.20.1\bin\net.dll
0x00007ffd95b00000 - 0x00007ffd95c0a000 	C:\WINDOWS\SYSTEM32\WINHTTP.dll
0x00007ffda0220000 - 0x00007ffda028a000 	C:\WINDOWS\system32\mswsock.dll
0x00007ffd9aa90000 - 0x00007ffd9aaa3000 	C:\Users\Admin\.jdks\corretto-11.0.20.1\bin\nio.dll
0x00007ffd9aaf0000 - 0x00007ffd9ab0a000 	C:\Program Files\JetBrains\IntelliJ IDEA 2023.2\bin\breakgen64.dll
0x00007ffd9ff50000 - 0x00007ffda001a000 	C:\WINDOWS\SYSTEM32\DNSAPI.dll
0x00007ffd9ff10000 - 0x00007ffd9ff4b000 	C:\WINDOWS\SYSTEM32\IPHLPAPI.DLL
0x00007ffda2010000 - 0x00007ffda2018000 	C:\WINDOWS\System32\NSI.dll
0x00007ffd94f90000 - 0x00007ffd94f9a000 	C:\Windows\System32\rasadhlp.dll
0x00007ffd94e40000 - 0x00007ffd94ec2000 	C:\WINDOWS\System32\fwpuclnt.dll
0x00007ffda12a0000 - 0x00007ffda12c7000 	C:\WINDOWS\System32\bcrypt.dll
0x00007ffd9b320000 - 0x00007ffd9b329000 	C:\Users\Admin\.jdks\corretto-11.0.20.1\bin\management.dll
0x00007ffd9aa60000 - 0x00007ffd9aa6b000 	C:\Users\Admin\.jdks\corretto-11.0.20.1\bin\management_ext.dll
0x00007ffda0420000 - 0x00007ffda0438000 	C:\WINDOWS\SYSTEM32\CRYPTSP.dll
0x00007ffd9fb30000 - 0x00007ffd9fb64000 	C:\WINDOWS\system32\rsaenh.dll
0x00007ffda0a00000 - 0x00007ffda0a2e000 	C:\WINDOWS\SYSTEM32\USERENV.dll
0x00007ffda0410000 - 0x00007ffda041c000 	C:\WINDOWS\SYSTEM32\CRYPTBASE.dll
0x00007ffd95fd0000 - 0x00007ffd95fe7000 	C:\WINDOWS\SYSTEM32\dhcpcsvc6.DLL
0x00007ffd971f0000 - 0x00007ffd9720d000 	C:\WINDOWS\SYSTEM32\dhcpcsvc.DLL
0x00007ffd7aa30000 - 0x00007ffd7aa47000 	C:\WINDOWS\system32\napinsp.dll
0x00007ffd6dd00000 - 0x00007ffd6dd1b000 	C:\WINDOWS\system32\pnrpnsp.dll
0x00007ffd9c4f0000 - 0x00007ffd9c50d000 	C:\WINDOWS\system32\NLAapi.dll
0x00007ffd9b570000 - 0x00007ffd9b585000 	C:\WINDOWS\system32\wshbth.dll
0x00007ffd68bf0000 - 0x00007ffd68c02000 	C:\WINDOWS\System32\winrnr.dll

dbghelp: loaded successfully - version: 4.0.5 - missing functions: none
symbol engine: initialized successfully - sym options: 0x614 - pdb path: .;C:\Users\Admin\.jdks\corretto-11.0.20.1\bin;C:\WINDOWS\SYSTEM32;C:\WINDOWS\WinSxS\amd64_microsoft.windows.common-controls_6595b64144ccf1df_6.0.19041.1110_none_60b5254171f9507e;C:\Users\Admin\.jdks\corretto-11.0.20.1\bin\server;C:\Program Files\JetBrains\IntelliJ IDEA 2023.2\bin

VM Arguments:
jvm_args: -XX:TieredStopAtLevel=1 -Xverify:none -Dspring.output.ansi.enabled=always -Dcom.sun.management.jmxremote -Dspring.jmx.enabled=true -Dspring.liveBeansView.mbeanDomain -Dspring.application.admin.enabled=true -Dmanagement.endpoints.jmx.exposure.include=* -javaagent:C:\Program Files\JetBrains\IntelliJ IDEA 2023.2\lib\idea_rt.jar=52535:C:\Program Files\JetBrains\IntelliJ IDEA 2023.2\bin -Dfile.encoding=UTF-8 
java_command: com.fa.training.SpringBootJpaSecurityApplication
java_class_path (initial): E:\Workspace\Spring Boot\program\JSFW.L.A103\target\classes;C:\Users\Admin\.m2\repository\commons-beanutils\commons-beanutils\1.9.4\commons-beanutils-1.9.4.jar;C:\Users\Admin\.m2\repository\commons-logging\commons-logging\1.2\commons-logging-1.2.jar;C:\Users\Admin\.m2\repository\commons-collections\commons-collections\3.2.2\commons-collections-3.2.2.jar;C:\Users\Admin\.m2\repository\org\springframework\boot\spring-boot-starter-validation\3.1.0\spring-boot-starter-validation-3.1.0.jar;C:\Users\Admin\.m2\repository\org\springframework\boot\spring-boot-starter\2.7.15\spring-boot-starter-2.7.15.jar;C:\Users\Admin\.m2\repository\org\springframework\boot\spring-boot-starter-logging\2.7.15\spring-boot-starter-logging-2.7.15.jar;C:\Users\Admin\.m2\repository\ch\qos\logback\logback-classic\1.2.12\logback-classic-1.2.12.jar;C:\Users\Admin\.m2\repository\ch\qos\logback\logback-core\1.2.12\logback-core-1.2.12.jar;C:\Users\Admin\.m2\repository\org\apache\logging\log4j\log4j-to-slf4j\2.17.2\log4j-to-slf4j-2.17.2.jar;C:\Users\Admin\.m2\repository\org\apache\logging\log4j\log4j-api\2.17.2\log4j-api-2.17.2.jar;C:\Users\Admin\.m2\repository\org\slf4j\jul-to-slf4j\1.7.36\jul-to-slf4j-1.7.36.jar;C:\Users\Admin\.m2\repository\jakarta\annotation\jakarta.annotation-api\1.3.5\jakarta.annotation-api-1.3.5.jar;C:\Users\Admin\.m2\repository\org\yaml\snakeyaml\1.30\snakeyaml-1.30.jar;C:\Users\Admin\.m2\repository\org\apache\tomcat\embed\tomcat-embed-el\9.0.79\tomcat-embed-el-9.0.79.jar;C:\Users\Admin\.m2\repository\org\hibernate\validator\hibernate-validator\6.2.5.Final\hibernate-validator-6.2.5.Final.jar;C:\Users\Admin\.m2\repository\jakarta\validation\jakarta.validation-api\2.0.2\jakarta.validation-api-2.0.2.jar;C:\Users\Admin\.m2\repository\org\jboss\logging\jboss-logging\3.4.3.Final\jboss-logging-3.4.3.Final.jar;C:\Users\Admin\.m2\repository\com\fasterxml\classmate\1.5.1\classmate-1.5.1.jar;C:\Users\Admin\.m2\repository\org\springframework\boot\spring-boot-star
Launcher Type: SUN_STANDARD

[Global flags]
     bool BytecodeVerificationLocal                = false                                     {product} {command line}
     bool BytecodeVerificationRemote               = false                                     {product} {command line}
     intx CICompilerCount                          = 3                                         {product} {ergonomic}
     uint ConcGCThreads                            = 1                                         {product} {ergonomic}
     uint G1ConcRefinementThreads                  = 4                                         {product} {ergonomic}
   size_t G1HeapRegionSize                         = 1048576                                   {product} {ergonomic}
    uintx GCDrainStackTargetSize                   = 64                                        {product} {ergonomic}
   size_t InitialHeapSize                          = 134217728                                 {product} {ergonomic}
     bool ManagementServer                         = true                                      {product} {command line}
   size_t MarkStackSize                            = 4194304                                   {product} {ergonomic}
   size_t MaxHeapSize                              = 2122317824                                {product} {ergonomic}
   size_t MaxNewSize                               = 1272971264                                {product} {ergonomic}
   size_t MinHeapDeltaBytes                        = 1048576                                   {product} {ergonomic}
    uintx NonNMethodCodeHeapSize                   = 6973028                                {pd product} {ergonomic}
    uintx NonProfiledCodeHeapSize                  = 244685212                              {pd product} {ergonomic}
    uintx ProfiledCodeHeapSize                     = 0                                      {pd product} {ergonomic}
    uintx ReservedCodeCacheSize                    = 251658240                              {pd product} {ergonomic}
     bool SegmentedCodeCache                       = true                                      {product} {ergonomic}
     intx TieredStopAtLevel                        = 1                                         {product} {command line}
     bool UseCompressedClassPointers               = true                                 {lp64_product} {ergonomic}
     bool UseCompressedOops                        = true                                 {lp64_product} {ergonomic}
     bool UseG1GC                                  = true                                      {product} {ergonomic}
     bool UseLargePagesIndividualAllocation        = false                                  {pd product} {ergonomic}

Logging:
Log output configuration:
 #0: stdout all=warning uptime,level,tags
 #1: stderr all=off uptime,level,tags

Environment Variables:
PATH=C:\Program Files\Microsoft MPI\Bin\;C:\Program Files (x86)\Common Files\Oracle\Java\javapath;C:\Program Files (x86)\Siemens\Automation\SCADA-RT_V11\WinCC\Bin;C:\Program Files (x86)\Common Files\Siemens\Bin;C:\Program Files (x86)\Common Files\Siemens\CommonArchiving;C:\Program Files (x86)\Common Files\Siemens\ACE\Bin;C:\Program Files\Common Files\Siemens\Automation\Simatic OAM\bin;C:\WINDOWS\system32;C:\WINDOWS;C:\WINDOWS\System32\Wbem;C:\WINDOWS\System32\WindowsPowerShell\v1.0\;C:\WINDOWS\System32\OpenSSH\;C:\Program Files\dotnet\;C:\Program Files (x86)\Microsoft SQL Server\Client SDK\ODBC\110\Tools\Binn\;C:\Program Files (x86)\Microsoft SQL Server\120\Tools\Binn\;C:\Program Files (x86)\Microsoft SQL Server\120\DTS\Binn\;C:\MinGW\bin;C:\Program Files\Microsoft SQL Server\Client SDK\ODBC\170\Tools\Binn\;C:\Program Files\Azure Data Studio\bin;C:\Program Files\Git\cmd;C:\Program Files\apache-maven-3.9.2\bin;C:\Program Files\Eclipse Adoptium\jdk-17.0.6.10-hotspot;C:\Users\Admin\AppData\Local\Microsoft\WindowsApps;C:\Users\Admin\AppData\Local\Programs\Microsoft VS Code\bin;C:\Users\Admin\AppData\Roaming\Microsoft\Windows\Start Menu\Programs\Python 3.11;C:\Program Files\Azure Data Studio\bin;C:\Program Files\JetBrains\IntelliJ IDEA Community Edition 2023.1.1\bin;;C:\Program Files\apache-maven-3.9.2\bin;;C:\Program Files\JetBrains\IntelliJ IDEA 2023.2\bin;
USERNAME=Admin
OS=Windows_NT
PROCESSOR_IDENTIFIER=Intel64 Family 6 Model 58 Stepping 9, GenuineIntel
TMP=C:\Users\Admin\AppData\Local\Temp
TEMP=C:\Users\Admin\AppData\Local\Temp



---------------  S Y S T E M  ---------------

OS: Windows 10 , 64 bit Build 19041 (10.0.19041.3393)
OS uptime: 0 days 16:26 hours

CPU:total 4 (initial active 4) (2 cores per cpu, 2 threads per core) family 6 model 58 stepping 9 microcode 0x21, cmov, cx8, fxsr, mmx, sse, sse2, sse3, ssse3, sse4.1, sse4.2, popcnt, avx, clmul, erms, ht, tsc, tscinvbit, tscinv

Memory: 4k page, system-wide physical 8089M (1013M free)
TotalPageFile size 8089M (AvailPageFile size 3M)
current process WorkingSet (physical memory assigned to process): 85M, peak: 85M
current process commit charge ("private bytes"): 217M, peak: 218M

vm_info: OpenJDK 64-Bit Server VM (11.0.20.1+9-LTS) for windows-amd64 JRE (11.0.20.1+9-LTS), built on Aug 19 2023 03:46:24 by "Administrator" with MS VC++ 15.9 (VS2017)

END.
